[2024-04-23T00:00:00.929+0000] {taskinstance.py:1956} INFO - Dependencies all met for dep_context=non-requeueable deps ti=<TaskInstance: process_etl_heart_data.obtain_original_data scheduled__2024-04-22T00:00:00+00:00 [queued]>
[2024-04-23T00:00:00.933+0000] {taskinstance.py:1956} INFO - Dependencies all met for dep_context=requeueable deps ti=<TaskInstance: process_etl_heart_data.obtain_original_data scheduled__2024-04-22T00:00:00+00:00 [queued]>
[2024-04-23T00:00:00.933+0000] {taskinstance.py:2170} INFO - Starting attempt 1 of 2
[2024-04-23T00:00:01.071+0000] {taskinstance.py:2191} INFO - Executing <Task(_PythonVirtualenvDecoratedOperator): obtain_original_data> on 2024-04-22 00:00:00+00:00
[2024-04-23T00:00:01.075+0000] {standard_task_runner.py:60} INFO - Started process 44178 to run task
[2024-04-23T00:00:01.078+0000] {standard_task_runner.py:87} INFO - Running: ['***', 'tasks', 'run', 'process_etl_heart_data', 'obtain_original_data', 'scheduled__2024-04-22T00:00:00+00:00', '--job-id', '25', '--raw', '--subdir', 'DAGS_FOLDER/etl_process.py', '--cfg-path', '/tmp/tmpwau_8fmw']
[2024-04-23T00:00:01.079+0000] {standard_task_runner.py:88} INFO - Job 25: Subtask obtain_original_data
[2024-04-23T00:00:01.111+0000] {task_command.py:423} INFO - Running <TaskInstance: process_etl_heart_data.obtain_original_data scheduled__2024-04-22T00:00:00+00:00 [running]> on host d1bc6a951fa1
[2024-04-23T00:00:01.155+0000] {taskinstance.py:2480} INFO - Exporting env vars: AIRFLOW_CTX_DAG_OWNER='Facundo Adrian Lucianna' AIRFLOW_CTX_DAG_ID='process_etl_heart_data' AIRFLOW_CTX_TASK_ID='obtain_original_data' AIRFLOW_CTX_EXECUTION_DATE='2024-04-22T00:00:00+00:00' AIRFLOW_CTX_TRY_NUMBER='1' AIRFLOW_CTX_DAG_RUN_ID='scheduled__2024-04-22T00:00:00+00:00'
[2024-04-23T00:00:01.157+0000] {process_utils.py:182} INFO - Executing cmd: /usr/local/bin/python -m virtualenv /tmp/venvw_vksxyv --system-site-packages --python=python
[2024-04-23T00:00:01.163+0000] {process_utils.py:186} INFO - Output:
[2024-04-23T00:00:02.031+0000] {process_utils.py:190} INFO - created virtual environment CPython3.8.18.final.0-64 in 404ms
[2024-04-23T00:00:02.032+0000] {process_utils.py:190} INFO -   creator CPython3Posix(dest=/tmp/venvw_vksxyv, clear=False, no_vcs_ignore=False, global=True)
[2024-04-23T00:00:02.033+0000] {process_utils.py:190} INFO -   seeder FromAppData(download=False, pip=bundle, setuptools=bundle, wheel=bundle, via=copy, app_data_dir=/home/***/.local/share/virtualenv)
[2024-04-23T00:00:02.033+0000] {process_utils.py:190} INFO -     added seed packages: pip==23.3.1, setuptools==69.0.2, wheel==0.42.0
[2024-04-23T00:00:02.034+0000] {process_utils.py:190} INFO -   activators BashActivator,CShellActivator,FishActivator,NushellActivator,PowerShellActivator,PythonActivator
[2024-04-23T00:00:02.092+0000] {process_utils.py:182} INFO - Executing cmd: /tmp/venvw_vksxyv/bin/pip install -r /tmp/venvw_vksxyv/requirements.txt
[2024-04-23T00:00:02.102+0000] {process_utils.py:186} INFO - Output:
[2024-04-23T00:00:03.948+0000] {process_utils.py:190} INFO - Collecting awswrangler==3.6.0 (from -r /tmp/venvw_vksxyv/requirements.txt (line 1))
[2024-04-23T00:00:04.066+0000] {process_utils.py:190} INFO -   Downloading awswrangler-3.6.0-py3-none-any.whl.metadata (23 kB)
[2024-04-23T00:00:04.353+0000] {process_utils.py:190} INFO - Collecting ucimlrepo==0.0.3 (from -r /tmp/venvw_vksxyv/requirements.txt (line 2))
[2024-04-23T00:00:04.404+0000] {process_utils.py:190} INFO -   Downloading ucimlrepo-0.0.3-py3-none-any.whl.metadata (5.2 kB)
[2024-04-23T00:00:04.617+0000] {process_utils.py:190} INFO - Requirement already satisfied: boto3<2.0.0,>=1.20.32 in /home/***/.local/lib/python3.8/site-packages (from awswrangler==3.6.0->-r /tmp/venvw_vksxyv/requirements.txt (line 1)) (1.34.88)
[2024-04-23T00:00:04.618+0000] {process_utils.py:190} INFO - Requirement already satisfied: botocore<2.0.0,>=1.23.32 in /home/***/.local/lib/python3.8/site-packages (from awswrangler==3.6.0->-r /tmp/venvw_vksxyv/requirements.txt (line 1)) (1.34.88)
[2024-04-23T00:00:04.619+0000] {process_utils.py:190} INFO - Requirement already satisfied: numpy<2.0,>=1.18 in /home/***/.local/lib/python3.8/site-packages (from awswrangler==3.6.0->-r /tmp/venvw_vksxyv/requirements.txt (line 1)) (1.24.4)
[2024-04-23T00:00:04.620+0000] {process_utils.py:190} INFO - Requirement already satisfied: packaging<24.0,>=21.1 in /home/***/.local/lib/python3.8/site-packages (from awswrangler==3.6.0->-r /tmp/venvw_vksxyv/requirements.txt (line 1)) (23.2)
[2024-04-23T00:00:04.621+0000] {process_utils.py:190} INFO - Requirement already satisfied: pandas<2.1.0,>=1.2.0 in /home/***/.local/lib/python3.8/site-packages (from awswrangler==3.6.0->-r /tmp/venvw_vksxyv/requirements.txt (line 1)) (2.0.3)
[2024-04-23T00:00:04.622+0000] {process_utils.py:190} INFO - Requirement already satisfied: pyarrow>=7.0.0 in /home/***/.local/lib/python3.8/site-packages (from awswrangler==3.6.0->-r /tmp/venvw_vksxyv/requirements.txt (line 1)) (14.0.2)
[2024-04-23T00:00:04.622+0000] {process_utils.py:190} INFO - Requirement already satisfied: typing-extensions<5.0.0,>=4.4.0 in /home/***/.local/lib/python3.8/site-packages (from awswrangler==3.6.0->-r /tmp/venvw_vksxyv/requirements.txt (line 1)) (4.9.0)
[2024-04-23T00:00:04.627+0000] {process_utils.py:190} INFO - Requirement already satisfied: jmespath<2.0.0,>=0.7.1 in /home/***/.local/lib/python3.8/site-packages (from boto3<2.0.0,>=1.20.32->awswrangler==3.6.0->-r /tmp/venvw_vksxyv/requirements.txt (line 1)) (0.10.0)
[2024-04-23T00:00:04.628+0000] {process_utils.py:190} INFO - Requirement already satisfied: s3transfer<0.11.0,>=0.10.0 in /home/***/.local/lib/python3.8/site-packages (from boto3<2.0.0,>=1.20.32->awswrangler==3.6.0->-r /tmp/venvw_vksxyv/requirements.txt (line 1)) (0.10.1)
[2024-04-23T00:00:04.634+0000] {process_utils.py:190} INFO - Requirement already satisfied: python-dateutil<3.0.0,>=2.1 in /home/***/.local/lib/python3.8/site-packages (from botocore<2.0.0,>=1.23.32->awswrangler==3.6.0->-r /tmp/venvw_vksxyv/requirements.txt (line 1)) (2.8.2)
[2024-04-23T00:00:04.635+0000] {process_utils.py:190} INFO - Requirement already satisfied: urllib3<1.27,>=1.25.4 in /home/***/.local/lib/python3.8/site-packages (from botocore<2.0.0,>=1.23.32->awswrangler==3.6.0->-r /tmp/venvw_vksxyv/requirements.txt (line 1)) (1.26.18)
[2024-04-23T00:00:04.706+0000] {process_utils.py:190} INFO - Requirement already satisfied: pytz>=2020.1 in /home/***/.local/lib/python3.8/site-packages (from pandas<2.1.0,>=1.2.0->awswrangler==3.6.0->-r /tmp/venvw_vksxyv/requirements.txt (line 1)) (2023.3.post1)
[2024-04-23T00:00:04.706+0000] {process_utils.py:190} INFO - Requirement already satisfied: tzdata>=2022.1 in /home/***/.local/lib/python3.8/site-packages (from pandas<2.1.0,>=1.2.0->awswrangler==3.6.0->-r /tmp/venvw_vksxyv/requirements.txt (line 1)) (2023.4)
[2024-04-23T00:00:04.714+0000] {process_utils.py:190} INFO - Requirement already satisfied: six>=1.5 in /home/***/.local/lib/python3.8/site-packages (from python-dateutil<3.0.0,>=2.1->botocore<2.0.0,>=1.23.32->awswrangler==3.6.0->-r /tmp/venvw_vksxyv/requirements.txt (line 1)) (1.16.0)
[2024-04-23T00:00:04.767+0000] {process_utils.py:190} INFO - Downloading awswrangler-3.6.0-py3-none-any.whl (403 kB)
[2024-04-23T00:00:05.338+0000] {process_utils.py:190} INFO -    â”â”â”â”â”â”â”â”â”â”â”â”â”â”â”â”â”â”â”â”â”â”â”â”â”â”â”â”â”â”â”â”â”â”â”â”â”â”â” 403.8/403.8 kB 705.0 kB/s eta 0:00:00
[2024-04-23T00:00:05.356+0000] {process_utils.py:190} INFO - Downloading ucimlrepo-0.0.3-py3-none-any.whl (7.0 kB)
[2024-04-23T00:00:08.334+0000] {process_utils.py:190} INFO - Installing collected packages: ucimlrepo, awswrangler
[2024-04-23T00:00:08.670+0000] {process_utils.py:190} INFO - Successfully installed awswrangler-3.6.0 ucimlrepo-0.0.3
[2024-04-23T00:00:09.643+0000] {process_utils.py:190} INFO - 
[2024-04-23T00:00:09.644+0000] {process_utils.py:190} INFO - [notice] A new release of pip is available: 23.3.1 -> 24.0
[2024-04-23T00:00:09.644+0000] {process_utils.py:190} INFO - [notice] To update, run: python -m pip install --upgrade pip
[2024-04-23T00:00:09.791+0000] {process_utils.py:182} INFO - Executing cmd: /tmp/venvw_vksxyv/bin/python /tmp/venv-callf7ifnyo7/script.py /tmp/venv-callf7ifnyo7/script.in /tmp/venv-callf7ifnyo7/script.out /tmp/venv-callf7ifnyo7/string_args.txt /tmp/venv-callf7ifnyo7/termination.log
[2024-04-23T00:00:09.798+0000] {process_utils.py:186} INFO - Output:
[2024-04-23T00:00:16.813+0000] {process_utils.py:190} INFO - [[34m2024-04-23T00:00:16.811+0000[0m] {[34mcredentials.py:[0m1147} INFO[0m - Found credentials in environment variables.[0m
[2024-04-23T00:00:16.917+0000] {process_utils.py:190} INFO - [[34m2024-04-23T00:00:16.917+0000[0m] {[34mconfigprovider.py:[0m957} INFO[0m - Found endpoint for s3 via: environment_service.[0m
[2024-04-23T00:00:17.876+0000] {python.py:201} INFO - Done. Returned value was: None
[2024-04-23T00:00:17.884+0000] {taskinstance.py:1138} INFO - Marking task as SUCCESS. dag_id=process_etl_heart_data, task_id=obtain_original_data, execution_date=20240422T000000, start_date=20240423T000000, end_date=20240423T000017
[2024-04-23T00:00:17.970+0000] {local_task_job_runner.py:234} INFO - Task exited with return code 0
[2024-04-23T00:00:17.994+0000] {taskinstance.py:3280} INFO - 1 downstream tasks scheduled from follow-on schedule check
