[2024-04-24T23:16:14.154+0000] {processor.py:161} INFO - Started process (PID=184) to work on /opt/airflow/dags/etl_process_old.py
[2024-04-24T23:16:14.155+0000] {processor.py:830} INFO - Processing file /opt/airflow/dags/etl_process_old.py for tasks to queue
[2024-04-24T23:16:14.155+0000] {logging_mixin.py:188} INFO - [2024-04-24T23:16:14.155+0000] {dagbag.py:538} INFO - Filling up the DagBag from /opt/airflow/dags/etl_process_old.py
[2024-04-24T23:16:14.177+0000] {processor.py:840} INFO - DAG(s) 'process_etl_heart_data' retrieved from /opt/airflow/dags/etl_process_old.py
[2024-04-24T23:16:14.246+0000] {logging_mixin.py:188} INFO - [2024-04-24T23:16:14.246+0000] {override.py:1769} INFO - Created Permission View: can edit on DAG:process_etl_heart_data
[2024-04-24T23:16:14.253+0000] {logging_mixin.py:188} INFO - [2024-04-24T23:16:14.252+0000] {override.py:1769} INFO - Created Permission View: can read on DAG:process_etl_heart_data
[2024-04-24T23:16:14.257+0000] {logging_mixin.py:188} INFO - [2024-04-24T23:16:14.257+0000] {override.py:1769} INFO - Created Permission View: can delete on DAG:process_etl_heart_data
[2024-04-24T23:16:14.257+0000] {logging_mixin.py:188} INFO - [2024-04-24T23:16:14.257+0000] {dag.py:3036} INFO - Sync 1 DAGs
[2024-04-24T23:16:14.264+0000] {logging_mixin.py:188} INFO - [2024-04-24T23:16:14.264+0000] {dag.py:3058} INFO - Creating ORM DAG for process_etl_heart_data
[2024-04-24T23:16:14.271+0000] {logging_mixin.py:188} INFO - [2024-04-24T23:16:14.271+0000] {dag.py:3823} INFO - Setting next_dagrun for process_etl_heart_data to 2024-04-23 00:00:00+00:00, run_after=2024-04-24 00:00:00+00:00
[2024-04-24T23:16:14.284+0000] {processor.py:183} INFO - Processing /opt/airflow/dags/etl_process_old.py took 0.132 seconds
[2024-04-24T23:16:44.360+0000] {processor.py:161} INFO - Started process (PID=445) to work on /opt/airflow/dags/etl_process_old.py
[2024-04-24T23:16:44.360+0000] {processor.py:830} INFO - Processing file /opt/airflow/dags/etl_process_old.py for tasks to queue
[2024-04-24T23:16:44.361+0000] {logging_mixin.py:188} INFO - [2024-04-24T23:16:44.361+0000] {dagbag.py:538} INFO - Filling up the DagBag from /opt/airflow/dags/etl_process_old.py
[2024-04-24T23:16:44.374+0000] {processor.py:840} INFO - DAG(s) 'process_etl_heart_data' retrieved from /opt/airflow/dags/etl_process_old.py
[2024-04-24T23:16:44.385+0000] {logging_mixin.py:188} INFO - [2024-04-24T23:16:44.385+0000] {dag.py:3036} INFO - Sync 1 DAGs
[2024-04-24T23:16:44.399+0000] {logging_mixin.py:188} INFO - [2024-04-24T23:16:44.398+0000] {dag.py:3823} INFO - Setting next_dagrun for process_etl_heart_data to 2024-04-23 00:00:00+00:00, run_after=2024-04-24 00:00:00+00:00
[2024-04-24T23:16:44.409+0000] {processor.py:183} INFO - Processing /opt/airflow/dags/etl_process_old.py took 0.052 seconds
[2024-04-24T23:17:15.007+0000] {processor.py:161} INFO - Started process (PID=714) to work on /opt/airflow/dags/etl_process_old.py
[2024-04-24T23:17:15.008+0000] {processor.py:830} INFO - Processing file /opt/airflow/dags/etl_process_old.py for tasks to queue
[2024-04-24T23:17:15.008+0000] {logging_mixin.py:188} INFO - [2024-04-24T23:17:15.008+0000] {dagbag.py:538} INFO - Filling up the DagBag from /opt/airflow/dags/etl_process_old.py
[2024-04-24T23:17:15.020+0000] {processor.py:840} INFO - DAG(s) 'process_etl_heart_data' retrieved from /opt/airflow/dags/etl_process_old.py
[2024-04-24T23:17:15.032+0000] {logging_mixin.py:188} INFO - [2024-04-24T23:17:15.032+0000] {dag.py:3036} INFO - Sync 1 DAGs
[2024-04-24T23:17:15.044+0000] {logging_mixin.py:188} INFO - [2024-04-24T23:17:15.044+0000] {dag.py:3823} INFO - Setting next_dagrun for process_etl_heart_data to 2024-04-23 00:00:00+00:00, run_after=2024-04-24 00:00:00+00:00
[2024-04-24T23:17:15.056+0000] {processor.py:183} INFO - Processing /opt/airflow/dags/etl_process_old.py took 0.051 seconds
[2024-04-24T23:19:07.262+0000] {processor.py:161} INFO - Started process (PID=184) to work on /opt/airflow/dags/etl_process_old.py
[2024-04-24T23:19:07.262+0000] {processor.py:830} INFO - Processing file /opt/airflow/dags/etl_process_old.py for tasks to queue
[2024-04-24T23:19:07.263+0000] {logging_mixin.py:188} INFO - [2024-04-24T23:19:07.263+0000] {dagbag.py:538} INFO - Filling up the DagBag from /opt/airflow/dags/etl_process_old.py
[2024-04-24T23:19:07.276+0000] {processor.py:840} INFO - DAG(s) 'process_etl_heart_data' retrieved from /opt/airflow/dags/etl_process_old.py
[2024-04-24T23:19:07.345+0000] {logging_mixin.py:188} INFO - [2024-04-24T23:19:07.345+0000] {dag.py:3036} INFO - Sync 1 DAGs
[2024-04-24T23:19:07.356+0000] {logging_mixin.py:188} INFO - [2024-04-24T23:19:07.356+0000] {dag.py:3823} INFO - Setting next_dagrun for process_etl_heart_data to 2024-04-23 00:00:00+00:00, run_after=2024-04-24 00:00:00+00:00
[2024-04-24T23:19:07.369+0000] {processor.py:183} INFO - Processing /opt/airflow/dags/etl_process_old.py took 0.109 seconds
[2024-04-24T23:19:37.989+0000] {processor.py:161} INFO - Started process (PID=445) to work on /opt/airflow/dags/etl_process_old.py
[2024-04-24T23:19:37.990+0000] {processor.py:830} INFO - Processing file /opt/airflow/dags/etl_process_old.py for tasks to queue
[2024-04-24T23:19:37.990+0000] {logging_mixin.py:188} INFO - [2024-04-24T23:19:37.990+0000] {dagbag.py:538} INFO - Filling up the DagBag from /opt/airflow/dags/etl_process_old.py
[2024-04-24T23:19:38.001+0000] {processor.py:840} INFO - DAG(s) 'process_etl_heart_data' retrieved from /opt/airflow/dags/etl_process_old.py
[2024-04-24T23:19:38.013+0000] {logging_mixin.py:188} INFO - [2024-04-24T23:19:38.013+0000] {dag.py:3036} INFO - Sync 1 DAGs
[2024-04-24T23:19:38.025+0000] {logging_mixin.py:188} INFO - [2024-04-24T23:19:38.025+0000] {dag.py:3823} INFO - Setting next_dagrun for process_etl_heart_data to 2024-04-23 00:00:00+00:00, run_after=2024-04-24 00:00:00+00:00
[2024-04-24T23:19:38.037+0000] {processor.py:183} INFO - Processing /opt/airflow/dags/etl_process_old.py took 0.049 seconds
[2024-04-24T23:20:08.203+0000] {processor.py:161} INFO - Started process (PID=714) to work on /opt/airflow/dags/etl_process_old.py
[2024-04-24T23:20:08.203+0000] {processor.py:830} INFO - Processing file /opt/airflow/dags/etl_process_old.py for tasks to queue
[2024-04-24T23:20:08.204+0000] {logging_mixin.py:188} INFO - [2024-04-24T23:20:08.204+0000] {dagbag.py:538} INFO - Filling up the DagBag from /opt/airflow/dags/etl_process_old.py
[2024-04-24T23:20:08.218+0000] {processor.py:840} INFO - DAG(s) 'process_etl_heart_data' retrieved from /opt/airflow/dags/etl_process_old.py
[2024-04-24T23:20:08.234+0000] {logging_mixin.py:188} INFO - [2024-04-24T23:20:08.234+0000] {dag.py:3036} INFO - Sync 1 DAGs
[2024-04-24T23:20:08.246+0000] {logging_mixin.py:188} INFO - [2024-04-24T23:20:08.246+0000] {dag.py:3823} INFO - Setting next_dagrun for process_etl_heart_data to 2024-04-23 00:00:00+00:00, run_after=2024-04-24 00:00:00+00:00
[2024-04-24T23:20:08.257+0000] {processor.py:183} INFO - Processing /opt/airflow/dags/etl_process_old.py took 0.056 seconds
[2024-04-24T23:20:38.305+0000] {processor.py:161} INFO - Started process (PID=975) to work on /opt/airflow/dags/etl_process_old.py
[2024-04-24T23:20:38.305+0000] {processor.py:830} INFO - Processing file /opt/airflow/dags/etl_process_old.py for tasks to queue
[2024-04-24T23:20:38.306+0000] {logging_mixin.py:188} INFO - [2024-04-24T23:20:38.306+0000] {dagbag.py:538} INFO - Filling up the DagBag from /opt/airflow/dags/etl_process_old.py
[2024-04-24T23:20:38.318+0000] {processor.py:840} INFO - DAG(s) 'process_etl_heart_data' retrieved from /opt/airflow/dags/etl_process_old.py
[2024-04-24T23:20:38.330+0000] {logging_mixin.py:188} INFO - [2024-04-24T23:20:38.330+0000] {dag.py:3036} INFO - Sync 1 DAGs
[2024-04-24T23:20:38.343+0000] {logging_mixin.py:188} INFO - [2024-04-24T23:20:38.343+0000] {dag.py:3823} INFO - Setting next_dagrun for process_etl_heart_data to 2024-04-23 00:00:00+00:00, run_after=2024-04-24 00:00:00+00:00
[2024-04-24T23:20:38.354+0000] {processor.py:183} INFO - Processing /opt/airflow/dags/etl_process_old.py took 0.051 seconds
[2024-04-24T23:21:08.564+0000] {processor.py:161} INFO - Started process (PID=1246) to work on /opt/airflow/dags/etl_process_old.py
[2024-04-24T23:21:08.564+0000] {processor.py:830} INFO - Processing file /opt/airflow/dags/etl_process_old.py for tasks to queue
[2024-04-24T23:21:08.565+0000] {logging_mixin.py:188} INFO - [2024-04-24T23:21:08.565+0000] {dagbag.py:538} INFO - Filling up the DagBag from /opt/airflow/dags/etl_process_old.py
[2024-04-24T23:21:08.576+0000] {processor.py:840} INFO - DAG(s) 'process_etl_heart_data' retrieved from /opt/airflow/dags/etl_process_old.py
[2024-04-24T23:21:08.590+0000] {logging_mixin.py:188} INFO - [2024-04-24T23:21:08.590+0000] {dag.py:3036} INFO - Sync 1 DAGs
[2024-04-24T23:21:08.602+0000] {logging_mixin.py:188} INFO - [2024-04-24T23:21:08.602+0000] {dag.py:3823} INFO - Setting next_dagrun for process_etl_heart_data to 2024-04-23 00:00:00+00:00, run_after=2024-04-24 00:00:00+00:00
[2024-04-24T23:21:08.612+0000] {processor.py:183} INFO - Processing /opt/airflow/dags/etl_process_old.py took 0.051 seconds
[2024-04-24T23:21:38.819+0000] {processor.py:161} INFO - Started process (PID=1507) to work on /opt/airflow/dags/etl_process_old.py
[2024-04-24T23:21:38.820+0000] {processor.py:830} INFO - Processing file /opt/airflow/dags/etl_process_old.py for tasks to queue
[2024-04-24T23:21:38.820+0000] {logging_mixin.py:188} INFO - [2024-04-24T23:21:38.820+0000] {dagbag.py:538} INFO - Filling up the DagBag from /opt/airflow/dags/etl_process_old.py
[2024-04-24T23:21:38.832+0000] {processor.py:840} INFO - DAG(s) 'process_etl_heart_data' retrieved from /opt/airflow/dags/etl_process_old.py
[2024-04-24T23:21:38.844+0000] {logging_mixin.py:188} INFO - [2024-04-24T23:21:38.844+0000] {dag.py:3036} INFO - Sync 1 DAGs
[2024-04-24T23:21:38.856+0000] {logging_mixin.py:188} INFO - [2024-04-24T23:21:38.856+0000] {dag.py:3823} INFO - Setting next_dagrun for process_etl_heart_data to 2024-04-23 00:00:00+00:00, run_after=2024-04-24 00:00:00+00:00
[2024-04-24T23:21:38.868+0000] {processor.py:183} INFO - Processing /opt/airflow/dags/etl_process_old.py took 0.050 seconds
[2024-04-24T23:22:09.068+0000] {processor.py:161} INFO - Started process (PID=1774) to work on /opt/airflow/dags/etl_process_old.py
[2024-04-24T23:22:09.069+0000] {processor.py:830} INFO - Processing file /opt/airflow/dags/etl_process_old.py for tasks to queue
[2024-04-24T23:22:09.070+0000] {logging_mixin.py:188} INFO - [2024-04-24T23:22:09.069+0000] {dagbag.py:538} INFO - Filling up the DagBag from /opt/airflow/dags/etl_process_old.py
[2024-04-24T23:22:09.081+0000] {processor.py:840} INFO - DAG(s) 'process_etl_heart_data' retrieved from /opt/airflow/dags/etl_process_old.py
[2024-04-24T23:22:09.093+0000] {logging_mixin.py:188} INFO - [2024-04-24T23:22:09.093+0000] {dag.py:3036} INFO - Sync 1 DAGs
[2024-04-24T23:22:09.105+0000] {logging_mixin.py:188} INFO - [2024-04-24T23:22:09.104+0000] {dag.py:3823} INFO - Setting next_dagrun for process_etl_heart_data to 2024-04-23 00:00:00+00:00, run_after=2024-04-24 00:00:00+00:00
[2024-04-24T23:22:09.128+0000] {processor.py:183} INFO - Processing /opt/airflow/dags/etl_process_old.py took 0.061 seconds
[2024-04-24T23:22:39.321+0000] {processor.py:161} INFO - Started process (PID=2035) to work on /opt/airflow/dags/etl_process_old.py
[2024-04-24T23:22:39.321+0000] {processor.py:830} INFO - Processing file /opt/airflow/dags/etl_process_old.py for tasks to queue
[2024-04-24T23:22:39.322+0000] {logging_mixin.py:188} INFO - [2024-04-24T23:22:39.322+0000] {dagbag.py:538} INFO - Filling up the DagBag from /opt/airflow/dags/etl_process_old.py
[2024-04-24T23:22:39.333+0000] {processor.py:840} INFO - DAG(s) 'process_etl_heart_data' retrieved from /opt/airflow/dags/etl_process_old.py
[2024-04-24T23:22:39.345+0000] {logging_mixin.py:188} INFO - [2024-04-24T23:22:39.345+0000] {dag.py:3036} INFO - Sync 1 DAGs
[2024-04-24T23:22:39.357+0000] {logging_mixin.py:188} INFO - [2024-04-24T23:22:39.357+0000] {dag.py:3823} INFO - Setting next_dagrun for process_etl_heart_data to 2024-04-23 00:00:00+00:00, run_after=2024-04-24 00:00:00+00:00
[2024-04-24T23:22:39.367+0000] {processor.py:183} INFO - Processing /opt/airflow/dags/etl_process_old.py took 0.048 seconds
[2024-04-24T23:23:09.629+0000] {processor.py:161} INFO - Started process (PID=2304) to work on /opt/airflow/dags/etl_process_old.py
[2024-04-24T23:23:09.629+0000] {processor.py:830} INFO - Processing file /opt/airflow/dags/etl_process_old.py for tasks to queue
[2024-04-24T23:23:09.630+0000] {logging_mixin.py:188} INFO - [2024-04-24T23:23:09.630+0000] {dagbag.py:538} INFO - Filling up the DagBag from /opt/airflow/dags/etl_process_old.py
[2024-04-24T23:23:09.641+0000] {processor.py:840} INFO - DAG(s) 'process_etl_heart_data' retrieved from /opt/airflow/dags/etl_process_old.py
[2024-04-24T23:23:09.652+0000] {logging_mixin.py:188} INFO - [2024-04-24T23:23:09.652+0000] {dag.py:3036} INFO - Sync 1 DAGs
[2024-04-24T23:23:09.664+0000] {logging_mixin.py:188} INFO - [2024-04-24T23:23:09.664+0000] {dag.py:3823} INFO - Setting next_dagrun for process_etl_heart_data to 2024-04-23 00:00:00+00:00, run_after=2024-04-24 00:00:00+00:00
[2024-04-24T23:23:09.677+0000] {processor.py:183} INFO - Processing /opt/airflow/dags/etl_process_old.py took 0.050 seconds
[2024-04-24T23:23:39.931+0000] {processor.py:161} INFO - Started process (PID=2565) to work on /opt/airflow/dags/etl_process_old.py
[2024-04-24T23:23:39.932+0000] {processor.py:830} INFO - Processing file /opt/airflow/dags/etl_process_old.py for tasks to queue
[2024-04-24T23:23:39.932+0000] {logging_mixin.py:188} INFO - [2024-04-24T23:23:39.932+0000] {dagbag.py:538} INFO - Filling up the DagBag from /opt/airflow/dags/etl_process_old.py
[2024-04-24T23:23:39.945+0000] {processor.py:840} INFO - DAG(s) 'process_etl_heart_data' retrieved from /opt/airflow/dags/etl_process_old.py
[2024-04-24T23:23:39.957+0000] {logging_mixin.py:188} INFO - [2024-04-24T23:23:39.957+0000] {dag.py:3036} INFO - Sync 1 DAGs
[2024-04-24T23:23:39.968+0000] {logging_mixin.py:188} INFO - [2024-04-24T23:23:39.968+0000] {dag.py:3823} INFO - Setting next_dagrun for process_etl_heart_data to 2024-04-23 00:00:00+00:00, run_after=2024-04-24 00:00:00+00:00
[2024-04-24T23:23:39.978+0000] {processor.py:183} INFO - Processing /opt/airflow/dags/etl_process_old.py took 0.049 seconds
[2024-04-24T23:24:10.210+0000] {processor.py:161} INFO - Started process (PID=2834) to work on /opt/airflow/dags/etl_process_old.py
[2024-04-24T23:24:10.211+0000] {processor.py:830} INFO - Processing file /opt/airflow/dags/etl_process_old.py for tasks to queue
[2024-04-24T23:24:10.211+0000] {logging_mixin.py:188} INFO - [2024-04-24T23:24:10.211+0000] {dagbag.py:538} INFO - Filling up the DagBag from /opt/airflow/dags/etl_process_old.py
[2024-04-24T23:24:10.225+0000] {processor.py:840} INFO - DAG(s) 'process_etl_heart_data' retrieved from /opt/airflow/dags/etl_process_old.py
[2024-04-24T23:24:10.236+0000] {logging_mixin.py:188} INFO - [2024-04-24T23:24:10.236+0000] {dag.py:3036} INFO - Sync 1 DAGs
[2024-04-24T23:24:10.247+0000] {logging_mixin.py:188} INFO - [2024-04-24T23:24:10.247+0000] {dag.py:3823} INFO - Setting next_dagrun for process_etl_heart_data to 2024-04-23 00:00:00+00:00, run_after=2024-04-24 00:00:00+00:00
[2024-04-24T23:24:10.257+0000] {processor.py:183} INFO - Processing /opt/airflow/dags/etl_process_old.py took 0.048 seconds
[2024-04-24T23:24:40.391+0000] {processor.py:161} INFO - Started process (PID=3095) to work on /opt/airflow/dags/etl_process_old.py
[2024-04-24T23:24:40.392+0000] {processor.py:830} INFO - Processing file /opt/airflow/dags/etl_process_old.py for tasks to queue
[2024-04-24T23:24:40.392+0000] {logging_mixin.py:188} INFO - [2024-04-24T23:24:40.392+0000] {dagbag.py:538} INFO - Filling up the DagBag from /opt/airflow/dags/etl_process_old.py
[2024-04-24T23:24:40.405+0000] {processor.py:840} INFO - DAG(s) 'process_etl_heart_data' retrieved from /opt/airflow/dags/etl_process_old.py
[2024-04-24T23:24:40.418+0000] {logging_mixin.py:188} INFO - [2024-04-24T23:24:40.418+0000] {dag.py:3036} INFO - Sync 1 DAGs
[2024-04-24T23:24:40.432+0000] {logging_mixin.py:188} INFO - [2024-04-24T23:24:40.431+0000] {dag.py:3823} INFO - Setting next_dagrun for process_etl_heart_data to 2024-04-23 00:00:00+00:00, run_after=2024-04-24 00:00:00+00:00
[2024-04-24T23:24:40.443+0000] {processor.py:183} INFO - Processing /opt/airflow/dags/etl_process_old.py took 0.053 seconds
[2024-04-24T23:25:10.636+0000] {processor.py:161} INFO - Started process (PID=3366) to work on /opt/airflow/dags/etl_process_old.py
[2024-04-24T23:25:10.636+0000] {processor.py:830} INFO - Processing file /opt/airflow/dags/etl_process_old.py for tasks to queue
[2024-04-24T23:25:10.637+0000] {logging_mixin.py:188} INFO - [2024-04-24T23:25:10.637+0000] {dagbag.py:538} INFO - Filling up the DagBag from /opt/airflow/dags/etl_process_old.py
[2024-04-24T23:25:10.649+0000] {processor.py:840} INFO - DAG(s) 'process_etl_heart_data' retrieved from /opt/airflow/dags/etl_process_old.py
[2024-04-24T23:25:10.661+0000] {logging_mixin.py:188} INFO - [2024-04-24T23:25:10.661+0000] {dag.py:3036} INFO - Sync 1 DAGs
[2024-04-24T23:25:10.673+0000] {logging_mixin.py:188} INFO - [2024-04-24T23:25:10.673+0000] {dag.py:3823} INFO - Setting next_dagrun for process_etl_heart_data to 2024-04-23 00:00:00+00:00, run_after=2024-04-24 00:00:00+00:00
[2024-04-24T23:25:10.683+0000] {processor.py:183} INFO - Processing /opt/airflow/dags/etl_process_old.py took 0.049 seconds
[2024-04-24T23:25:40.727+0000] {processor.py:161} INFO - Started process (PID=3625) to work on /opt/airflow/dags/etl_process_old.py
[2024-04-24T23:25:40.727+0000] {processor.py:830} INFO - Processing file /opt/airflow/dags/etl_process_old.py for tasks to queue
[2024-04-24T23:25:40.728+0000] {logging_mixin.py:188} INFO - [2024-04-24T23:25:40.728+0000] {dagbag.py:538} INFO - Filling up the DagBag from /opt/airflow/dags/etl_process_old.py
[2024-04-24T23:25:40.739+0000] {processor.py:840} INFO - DAG(s) 'process_etl_heart_data' retrieved from /opt/airflow/dags/etl_process_old.py
[2024-04-24T23:25:40.749+0000] {logging_mixin.py:188} INFO - [2024-04-24T23:25:40.749+0000] {dag.py:3036} INFO - Sync 1 DAGs
[2024-04-24T23:25:40.761+0000] {logging_mixin.py:188} INFO - [2024-04-24T23:25:40.761+0000] {dag.py:3823} INFO - Setting next_dagrun for process_etl_heart_data to 2024-04-23 00:00:00+00:00, run_after=2024-04-24 00:00:00+00:00
[2024-04-24T23:25:40.771+0000] {processor.py:183} INFO - Processing /opt/airflow/dags/etl_process_old.py took 0.046 seconds
[2024-04-24T23:26:10.953+0000] {processor.py:161} INFO - Started process (PID=3894) to work on /opt/airflow/dags/etl_process_old.py
[2024-04-24T23:26:10.953+0000] {processor.py:830} INFO - Processing file /opt/airflow/dags/etl_process_old.py for tasks to queue
[2024-04-24T23:26:10.954+0000] {logging_mixin.py:188} INFO - [2024-04-24T23:26:10.954+0000] {dagbag.py:538} INFO - Filling up the DagBag from /opt/airflow/dags/etl_process_old.py
[2024-04-24T23:26:10.965+0000] {processor.py:840} INFO - DAG(s) 'process_etl_heart_data' retrieved from /opt/airflow/dags/etl_process_old.py
[2024-04-24T23:26:10.976+0000] {logging_mixin.py:188} INFO - [2024-04-24T23:26:10.976+0000] {dag.py:3036} INFO - Sync 1 DAGs
[2024-04-24T23:26:10.989+0000] {logging_mixin.py:188} INFO - [2024-04-24T23:26:10.989+0000] {dag.py:3823} INFO - Setting next_dagrun for process_etl_heart_data to 2024-04-23 00:00:00+00:00, run_after=2024-04-24 00:00:00+00:00
[2024-04-24T23:26:10.999+0000] {processor.py:183} INFO - Processing /opt/airflow/dags/etl_process_old.py took 0.048 seconds
[2024-04-24T23:26:41.085+0000] {processor.py:161} INFO - Started process (PID=4155) to work on /opt/airflow/dags/etl_process_old.py
[2024-04-24T23:26:41.086+0000] {processor.py:830} INFO - Processing file /opt/airflow/dags/etl_process_old.py for tasks to queue
[2024-04-24T23:26:41.086+0000] {logging_mixin.py:188} INFO - [2024-04-24T23:26:41.086+0000] {dagbag.py:538} INFO - Filling up the DagBag from /opt/airflow/dags/etl_process_old.py
[2024-04-24T23:26:41.097+0000] {processor.py:840} INFO - DAG(s) 'process_etl_heart_data' retrieved from /opt/airflow/dags/etl_process_old.py
[2024-04-24T23:26:41.108+0000] {logging_mixin.py:188} INFO - [2024-04-24T23:26:41.108+0000] {dag.py:3036} INFO - Sync 1 DAGs
[2024-04-24T23:26:41.119+0000] {logging_mixin.py:188} INFO - [2024-04-24T23:26:41.119+0000] {dag.py:3823} INFO - Setting next_dagrun for process_etl_heart_data to 2024-04-23 00:00:00+00:00, run_after=2024-04-24 00:00:00+00:00
[2024-04-24T23:26:41.130+0000] {processor.py:183} INFO - Processing /opt/airflow/dags/etl_process_old.py took 0.046 seconds
[2024-04-24T23:27:11.258+0000] {processor.py:161} INFO - Started process (PID=4424) to work on /opt/airflow/dags/etl_process_old.py
[2024-04-24T23:27:11.258+0000] {processor.py:830} INFO - Processing file /opt/airflow/dags/etl_process_old.py for tasks to queue
[2024-04-24T23:27:11.259+0000] {logging_mixin.py:188} INFO - [2024-04-24T23:27:11.259+0000] {dagbag.py:538} INFO - Filling up the DagBag from /opt/airflow/dags/etl_process_old.py
[2024-04-24T23:27:11.270+0000] {processor.py:840} INFO - DAG(s) 'process_etl_heart_data' retrieved from /opt/airflow/dags/etl_process_old.py
[2024-04-24T23:27:11.285+0000] {logging_mixin.py:188} INFO - [2024-04-24T23:27:11.285+0000] {dag.py:3036} INFO - Sync 1 DAGs
[2024-04-24T23:27:11.297+0000] {logging_mixin.py:188} INFO - [2024-04-24T23:27:11.297+0000] {dag.py:3823} INFO - Setting next_dagrun for process_etl_heart_data to 2024-04-23 00:00:00+00:00, run_after=2024-04-24 00:00:00+00:00
[2024-04-24T23:27:11.307+0000] {processor.py:183} INFO - Processing /opt/airflow/dags/etl_process_old.py took 0.051 seconds
[2024-04-24T23:27:41.545+0000] {processor.py:161} INFO - Started process (PID=4685) to work on /opt/airflow/dags/etl_process_old.py
[2024-04-24T23:27:41.545+0000] {processor.py:830} INFO - Processing file /opt/airflow/dags/etl_process_old.py for tasks to queue
[2024-04-24T23:27:41.546+0000] {logging_mixin.py:188} INFO - [2024-04-24T23:27:41.546+0000] {dagbag.py:538} INFO - Filling up the DagBag from /opt/airflow/dags/etl_process_old.py
[2024-04-24T23:27:41.557+0000] {processor.py:840} INFO - DAG(s) 'process_etl_heart_data' retrieved from /opt/airflow/dags/etl_process_old.py
[2024-04-24T23:27:41.568+0000] {logging_mixin.py:188} INFO - [2024-04-24T23:27:41.568+0000] {dag.py:3036} INFO - Sync 1 DAGs
[2024-04-24T23:27:41.580+0000] {logging_mixin.py:188} INFO - [2024-04-24T23:27:41.580+0000] {dag.py:3823} INFO - Setting next_dagrun for process_etl_heart_data to 2024-04-23 00:00:00+00:00, run_after=2024-04-24 00:00:00+00:00
[2024-04-24T23:27:41.590+0000] {processor.py:183} INFO - Processing /opt/airflow/dags/etl_process_old.py took 0.047 seconds
[2024-04-24T23:28:11.684+0000] {processor.py:161} INFO - Started process (PID=4943) to work on /opt/airflow/dags/etl_process_old.py
[2024-04-24T23:28:11.685+0000] {processor.py:830} INFO - Processing file /opt/airflow/dags/etl_process_old.py for tasks to queue
[2024-04-24T23:28:11.685+0000] {logging_mixin.py:188} INFO - [2024-04-24T23:28:11.685+0000] {dagbag.py:538} INFO - Filling up the DagBag from /opt/airflow/dags/etl_process_old.py
[2024-04-24T23:28:11.699+0000] {processor.py:840} INFO - DAG(s) 'process_etl_heart_data' retrieved from /opt/airflow/dags/etl_process_old.py
[2024-04-24T23:28:11.710+0000] {logging_mixin.py:188} INFO - [2024-04-24T23:28:11.710+0000] {dag.py:3036} INFO - Sync 1 DAGs
[2024-04-24T23:28:11.721+0000] {logging_mixin.py:188} INFO - [2024-04-24T23:28:11.721+0000] {dag.py:3823} INFO - Setting next_dagrun for process_etl_heart_data to 2024-04-23 00:00:00+00:00, run_after=2024-04-24 00:00:00+00:00
[2024-04-24T23:28:11.732+0000] {processor.py:183} INFO - Processing /opt/airflow/dags/etl_process_old.py took 0.049 seconds
[2024-04-24T23:28:41.927+0000] {processor.py:161} INFO - Started process (PID=5215) to work on /opt/airflow/dags/etl_process_old.py
[2024-04-24T23:28:41.927+0000] {processor.py:830} INFO - Processing file /opt/airflow/dags/etl_process_old.py for tasks to queue
[2024-04-24T23:28:41.927+0000] {logging_mixin.py:188} INFO - [2024-04-24T23:28:41.927+0000] {dagbag.py:538} INFO - Filling up the DagBag from /opt/airflow/dags/etl_process_old.py
[2024-04-24T23:28:41.938+0000] {processor.py:840} INFO - DAG(s) 'process_etl_heart_data' retrieved from /opt/airflow/dags/etl_process_old.py
[2024-04-24T23:28:41.950+0000] {logging_mixin.py:188} INFO - [2024-04-24T23:28:41.950+0000] {dag.py:3036} INFO - Sync 1 DAGs
[2024-04-24T23:28:41.964+0000] {logging_mixin.py:188} INFO - [2024-04-24T23:28:41.964+0000] {dag.py:3823} INFO - Setting next_dagrun for process_etl_heart_data to 2024-04-23 00:00:00+00:00, run_after=2024-04-24 00:00:00+00:00
[2024-04-24T23:28:42.105+0000] {processor.py:183} INFO - Processing /opt/airflow/dags/etl_process_old.py took 0.180 seconds
[2024-04-24T23:29:12.356+0000] {processor.py:161} INFO - Started process (PID=5476) to work on /opt/airflow/dags/etl_process_old.py
[2024-04-24T23:29:12.357+0000] {processor.py:830} INFO - Processing file /opt/airflow/dags/etl_process_old.py for tasks to queue
[2024-04-24T23:29:12.357+0000] {logging_mixin.py:188} INFO - [2024-04-24T23:29:12.357+0000] {dagbag.py:538} INFO - Filling up the DagBag from /opt/airflow/dags/etl_process_old.py
[2024-04-24T23:29:12.490+0000] {processor.py:840} INFO - DAG(s) 'process_etl_heart_data' retrieved from /opt/airflow/dags/etl_process_old.py
[2024-04-24T23:29:12.503+0000] {logging_mixin.py:188} INFO - [2024-04-24T23:29:12.503+0000] {dag.py:3036} INFO - Sync 1 DAGs
[2024-04-24T23:29:12.514+0000] {logging_mixin.py:188} INFO - [2024-04-24T23:29:12.514+0000] {dag.py:3823} INFO - Setting next_dagrun for process_etl_heart_data to 2024-04-23 00:00:00+00:00, run_after=2024-04-24 00:00:00+00:00
[2024-04-24T23:29:12.524+0000] {processor.py:183} INFO - Processing /opt/airflow/dags/etl_process_old.py took 0.171 seconds
[2024-04-24T23:29:43.473+0000] {processor.py:161} INFO - Started process (PID=5745) to work on /opt/airflow/dags/etl_process_old.py
[2024-04-24T23:29:43.473+0000] {processor.py:830} INFO - Processing file /opt/airflow/dags/etl_process_old.py for tasks to queue
[2024-04-24T23:29:43.474+0000] {logging_mixin.py:188} INFO - [2024-04-24T23:29:43.474+0000] {dagbag.py:538} INFO - Filling up the DagBag from /opt/airflow/dags/etl_process_old.py
[2024-04-24T23:29:43.485+0000] {processor.py:840} INFO - DAG(s) 'process_etl_heart_data' retrieved from /opt/airflow/dags/etl_process_old.py
[2024-04-24T23:29:43.496+0000] {logging_mixin.py:188} INFO - [2024-04-24T23:29:43.496+0000] {dag.py:3036} INFO - Sync 1 DAGs
[2024-04-24T23:29:43.508+0000] {logging_mixin.py:188} INFO - [2024-04-24T23:29:43.508+0000] {dag.py:3823} INFO - Setting next_dagrun for process_etl_heart_data to 2024-04-23 00:00:00+00:00, run_after=2024-04-24 00:00:00+00:00
[2024-04-24T23:29:43.518+0000] {processor.py:183} INFO - Processing /opt/airflow/dags/etl_process_old.py took 0.047 seconds
[2024-04-24T23:30:14.342+0000] {processor.py:161} INFO - Started process (PID=6006) to work on /opt/airflow/dags/etl_process_old.py
[2024-04-24T23:30:14.343+0000] {processor.py:830} INFO - Processing file /opt/airflow/dags/etl_process_old.py for tasks to queue
[2024-04-24T23:30:14.343+0000] {logging_mixin.py:188} INFO - [2024-04-24T23:30:14.343+0000] {dagbag.py:538} INFO - Filling up the DagBag from /opt/airflow/dags/etl_process_old.py
[2024-04-24T23:30:14.354+0000] {processor.py:840} INFO - DAG(s) 'process_etl_heart_data' retrieved from /opt/airflow/dags/etl_process_old.py
[2024-04-24T23:30:14.365+0000] {logging_mixin.py:188} INFO - [2024-04-24T23:30:14.365+0000] {dag.py:3036} INFO - Sync 1 DAGs
[2024-04-24T23:30:14.379+0000] {logging_mixin.py:188} INFO - [2024-04-24T23:30:14.378+0000] {dag.py:3823} INFO - Setting next_dagrun for process_etl_heart_data to 2024-04-23 00:00:00+00:00, run_after=2024-04-24 00:00:00+00:00
[2024-04-24T23:30:14.389+0000] {processor.py:183} INFO - Processing /opt/airflow/dags/etl_process_old.py took 0.048 seconds
[2024-04-24T23:30:45.172+0000] {processor.py:161} INFO - Started process (PID=6275) to work on /opt/airflow/dags/etl_process_old.py
[2024-04-24T23:30:45.172+0000] {processor.py:830} INFO - Processing file /opt/airflow/dags/etl_process_old.py for tasks to queue
[2024-04-24T23:30:45.173+0000] {logging_mixin.py:188} INFO - [2024-04-24T23:30:45.173+0000] {dagbag.py:538} INFO - Filling up the DagBag from /opt/airflow/dags/etl_process_old.py
[2024-04-24T23:30:45.184+0000] {processor.py:840} INFO - DAG(s) 'process_etl_heart_data' retrieved from /opt/airflow/dags/etl_process_old.py
[2024-04-24T23:30:45.196+0000] {logging_mixin.py:188} INFO - [2024-04-24T23:30:45.196+0000] {dag.py:3036} INFO - Sync 1 DAGs
[2024-04-24T23:30:45.207+0000] {logging_mixin.py:188} INFO - [2024-04-24T23:30:45.207+0000] {dag.py:3823} INFO - Setting next_dagrun for process_etl_heart_data to 2024-04-23 00:00:00+00:00, run_after=2024-04-24 00:00:00+00:00
[2024-04-24T23:30:45.219+0000] {processor.py:183} INFO - Processing /opt/airflow/dags/etl_process_old.py took 0.048 seconds
[2024-04-24T23:31:15.259+0000] {processor.py:161} INFO - Started process (PID=6536) to work on /opt/airflow/dags/etl_process_old.py
[2024-04-24T23:31:15.260+0000] {processor.py:830} INFO - Processing file /opt/airflow/dags/etl_process_old.py for tasks to queue
[2024-04-24T23:31:15.260+0000] {logging_mixin.py:188} INFO - [2024-04-24T23:31:15.260+0000] {dagbag.py:538} INFO - Filling up the DagBag from /opt/airflow/dags/etl_process_old.py
[2024-04-24T23:31:15.271+0000] {processor.py:840} INFO - DAG(s) 'process_etl_heart_data' retrieved from /opt/airflow/dags/etl_process_old.py
[2024-04-24T23:31:15.282+0000] {logging_mixin.py:188} INFO - [2024-04-24T23:31:15.282+0000] {dag.py:3036} INFO - Sync 1 DAGs
[2024-04-24T23:31:15.294+0000] {logging_mixin.py:188} INFO - [2024-04-24T23:31:15.294+0000] {dag.py:3823} INFO - Setting next_dagrun for process_etl_heart_data to 2024-04-23 00:00:00+00:00, run_after=2024-04-24 00:00:00+00:00
[2024-04-24T23:31:15.306+0000] {processor.py:183} INFO - Processing /opt/airflow/dags/etl_process_old.py took 0.048 seconds
[2024-04-24T23:31:45.377+0000] {processor.py:161} INFO - Started process (PID=6805) to work on /opt/airflow/dags/etl_process_old.py
[2024-04-24T23:31:45.377+0000] {processor.py:830} INFO - Processing file /opt/airflow/dags/etl_process_old.py for tasks to queue
[2024-04-24T23:31:45.378+0000] {logging_mixin.py:188} INFO - [2024-04-24T23:31:45.377+0000] {dagbag.py:538} INFO - Filling up the DagBag from /opt/airflow/dags/etl_process_old.py
[2024-04-24T23:31:45.389+0000] {processor.py:840} INFO - DAG(s) 'process_etl_heart_data' retrieved from /opt/airflow/dags/etl_process_old.py
[2024-04-24T23:31:45.402+0000] {logging_mixin.py:188} INFO - [2024-04-24T23:31:45.402+0000] {dag.py:3036} INFO - Sync 1 DAGs
[2024-04-24T23:31:45.414+0000] {logging_mixin.py:188} INFO - [2024-04-24T23:31:45.413+0000] {dag.py:3823} INFO - Setting next_dagrun for process_etl_heart_data to 2024-04-23 00:00:00+00:00, run_after=2024-04-24 00:00:00+00:00
[2024-04-24T23:31:45.423+0000] {processor.py:183} INFO - Processing /opt/airflow/dags/etl_process_old.py took 0.048 seconds
[2024-04-24T23:32:15.532+0000] {processor.py:161} INFO - Started process (PID=7066) to work on /opt/airflow/dags/etl_process_old.py
[2024-04-24T23:32:15.533+0000] {processor.py:830} INFO - Processing file /opt/airflow/dags/etl_process_old.py for tasks to queue
[2024-04-24T23:32:15.533+0000] {logging_mixin.py:188} INFO - [2024-04-24T23:32:15.533+0000] {dagbag.py:538} INFO - Filling up the DagBag from /opt/airflow/dags/etl_process_old.py
[2024-04-24T23:32:15.545+0000] {processor.py:840} INFO - DAG(s) 'process_etl_heart_data' retrieved from /opt/airflow/dags/etl_process_old.py
[2024-04-24T23:32:15.557+0000] {logging_mixin.py:188} INFO - [2024-04-24T23:32:15.557+0000] {dag.py:3036} INFO - Sync 1 DAGs
[2024-04-24T23:32:15.569+0000] {logging_mixin.py:188} INFO - [2024-04-24T23:32:15.569+0000] {dag.py:3823} INFO - Setting next_dagrun for process_etl_heart_data to 2024-04-23 00:00:00+00:00, run_after=2024-04-24 00:00:00+00:00
[2024-04-24T23:32:15.579+0000] {processor.py:183} INFO - Processing /opt/airflow/dags/etl_process_old.py took 0.049 seconds
[2024-04-24T23:32:45.629+0000] {processor.py:161} INFO - Started process (PID=7335) to work on /opt/airflow/dags/etl_process_old.py
[2024-04-24T23:32:45.629+0000] {processor.py:830} INFO - Processing file /opt/airflow/dags/etl_process_old.py for tasks to queue
[2024-04-24T23:32:45.630+0000] {logging_mixin.py:188} INFO - [2024-04-24T23:32:45.630+0000] {dagbag.py:538} INFO - Filling up the DagBag from /opt/airflow/dags/etl_process_old.py
[2024-04-24T23:32:45.642+0000] {processor.py:840} INFO - DAG(s) 'process_etl_heart_data' retrieved from /opt/airflow/dags/etl_process_old.py
[2024-04-24T23:32:45.654+0000] {logging_mixin.py:188} INFO - [2024-04-24T23:32:45.654+0000] {dag.py:3036} INFO - Sync 1 DAGs
[2024-04-24T23:32:45.669+0000] {logging_mixin.py:188} INFO - [2024-04-24T23:32:45.669+0000] {dag.py:3823} INFO - Setting next_dagrun for process_etl_heart_data to 2024-04-23 00:00:00+00:00, run_after=2024-04-24 00:00:00+00:00
[2024-04-24T23:32:45.681+0000] {processor.py:183} INFO - Processing /opt/airflow/dags/etl_process_old.py took 0.054 seconds
[2024-04-24T23:33:15.760+0000] {processor.py:161} INFO - Started process (PID=7598) to work on /opt/airflow/dags/etl_process_old.py
[2024-04-24T23:33:15.760+0000] {processor.py:830} INFO - Processing file /opt/airflow/dags/etl_process_old.py for tasks to queue
[2024-04-24T23:33:15.761+0000] {logging_mixin.py:188} INFO - [2024-04-24T23:33:15.761+0000] {dagbag.py:538} INFO - Filling up the DagBag from /opt/airflow/dags/etl_process_old.py
[2024-04-24T23:33:15.773+0000] {processor.py:840} INFO - DAG(s) 'process_etl_heart_data' retrieved from /opt/airflow/dags/etl_process_old.py
[2024-04-24T23:33:15.785+0000] {logging_mixin.py:188} INFO - [2024-04-24T23:33:15.785+0000] {dag.py:3036} INFO - Sync 1 DAGs
[2024-04-24T23:33:15.797+0000] {logging_mixin.py:188} INFO - [2024-04-24T23:33:15.796+0000] {dag.py:3823} INFO - Setting next_dagrun for process_etl_heart_data to 2024-04-23 00:00:00+00:00, run_after=2024-04-24 00:00:00+00:00
[2024-04-24T23:33:15.808+0000] {processor.py:183} INFO - Processing /opt/airflow/dags/etl_process_old.py took 0.050 seconds
[2024-04-24T23:33:45.842+0000] {processor.py:161} INFO - Started process (PID=7867) to work on /opt/airflow/dags/etl_process_old.py
[2024-04-24T23:33:45.843+0000] {processor.py:830} INFO - Processing file /opt/airflow/dags/etl_process_old.py for tasks to queue
[2024-04-24T23:33:45.843+0000] {logging_mixin.py:188} INFO - [2024-04-24T23:33:45.843+0000] {dagbag.py:538} INFO - Filling up the DagBag from /opt/airflow/dags/etl_process_old.py
[2024-04-24T23:33:45.855+0000] {processor.py:840} INFO - DAG(s) 'process_etl_heart_data' retrieved from /opt/airflow/dags/etl_process_old.py
[2024-04-24T23:33:45.868+0000] {logging_mixin.py:188} INFO - [2024-04-24T23:33:45.867+0000] {dag.py:3036} INFO - Sync 1 DAGs
[2024-04-24T23:33:45.879+0000] {logging_mixin.py:188} INFO - [2024-04-24T23:33:45.879+0000] {dag.py:3823} INFO - Setting next_dagrun for process_etl_heart_data to 2024-04-23 00:00:00+00:00, run_after=2024-04-24 00:00:00+00:00
[2024-04-24T23:33:45.889+0000] {processor.py:183} INFO - Processing /opt/airflow/dags/etl_process_old.py took 0.049 seconds
[2024-04-24T23:34:15.982+0000] {processor.py:161} INFO - Started process (PID=8126) to work on /opt/airflow/dags/etl_process_old.py
[2024-04-24T23:34:15.983+0000] {processor.py:830} INFO - Processing file /opt/airflow/dags/etl_process_old.py for tasks to queue
[2024-04-24T23:34:15.984+0000] {logging_mixin.py:188} INFO - [2024-04-24T23:34:15.984+0000] {dagbag.py:538} INFO - Filling up the DagBag from /opt/airflow/dags/etl_process_old.py
[2024-04-24T23:34:15.996+0000] {processor.py:840} INFO - DAG(s) 'process_etl_heart_data' retrieved from /opt/airflow/dags/etl_process_old.py
[2024-04-24T23:34:16.007+0000] {logging_mixin.py:188} INFO - [2024-04-24T23:34:16.007+0000] {dag.py:3036} INFO - Sync 1 DAGs
[2024-04-24T23:34:16.019+0000] {logging_mixin.py:188} INFO - [2024-04-24T23:34:16.019+0000] {dag.py:3823} INFO - Setting next_dagrun for process_etl_heart_data to 2024-04-23 00:00:00+00:00, run_after=2024-04-24 00:00:00+00:00
[2024-04-24T23:34:16.030+0000] {processor.py:183} INFO - Processing /opt/airflow/dags/etl_process_old.py took 0.049 seconds
[2024-04-24T23:34:46.851+0000] {processor.py:161} INFO - Started process (PID=8395) to work on /opt/airflow/dags/etl_process_old.py
[2024-04-24T23:34:46.852+0000] {processor.py:830} INFO - Processing file /opt/airflow/dags/etl_process_old.py for tasks to queue
[2024-04-24T23:34:46.852+0000] {logging_mixin.py:188} INFO - [2024-04-24T23:34:46.852+0000] {dagbag.py:538} INFO - Filling up the DagBag from /opt/airflow/dags/etl_process_old.py
[2024-04-24T23:34:46.863+0000] {processor.py:840} INFO - DAG(s) 'process_etl_heart_data' retrieved from /opt/airflow/dags/etl_process_old.py
[2024-04-24T23:34:46.875+0000] {logging_mixin.py:188} INFO - [2024-04-24T23:34:46.875+0000] {dag.py:3036} INFO - Sync 1 DAGs
[2024-04-24T23:34:46.887+0000] {logging_mixin.py:188} INFO - [2024-04-24T23:34:46.886+0000] {dag.py:3823} INFO - Setting next_dagrun for process_etl_heart_data to 2024-04-23 00:00:00+00:00, run_after=2024-04-24 00:00:00+00:00
[2024-04-24T23:34:46.898+0000] {processor.py:183} INFO - Processing /opt/airflow/dags/etl_process_old.py took 0.048 seconds
[2024-04-24T23:35:17.570+0000] {processor.py:161} INFO - Started process (PID=8656) to work on /opt/airflow/dags/etl_process_old.py
[2024-04-24T23:35:17.571+0000] {processor.py:830} INFO - Processing file /opt/airflow/dags/etl_process_old.py for tasks to queue
[2024-04-24T23:35:17.571+0000] {logging_mixin.py:188} INFO - [2024-04-24T23:35:17.571+0000] {dagbag.py:538} INFO - Filling up the DagBag from /opt/airflow/dags/etl_process_old.py
[2024-04-24T23:35:17.582+0000] {processor.py:840} INFO - DAG(s) 'process_etl_heart_data' retrieved from /opt/airflow/dags/etl_process_old.py
[2024-04-24T23:35:17.593+0000] {logging_mixin.py:188} INFO - [2024-04-24T23:35:17.593+0000] {dag.py:3036} INFO - Sync 1 DAGs
[2024-04-24T23:35:17.606+0000] {logging_mixin.py:188} INFO - [2024-04-24T23:35:17.606+0000] {dag.py:3823} INFO - Setting next_dagrun for process_etl_heart_data to 2024-04-23 00:00:00+00:00, run_after=2024-04-24 00:00:00+00:00
[2024-04-24T23:35:17.617+0000] {processor.py:183} INFO - Processing /opt/airflow/dags/etl_process_old.py took 0.049 seconds
[2024-04-24T23:35:48.323+0000] {processor.py:161} INFO - Started process (PID=8925) to work on /opt/airflow/dags/etl_process_old.py
[2024-04-24T23:35:48.324+0000] {processor.py:830} INFO - Processing file /opt/airflow/dags/etl_process_old.py for tasks to queue
[2024-04-24T23:35:48.324+0000] {logging_mixin.py:188} INFO - [2024-04-24T23:35:48.324+0000] {dagbag.py:538} INFO - Filling up the DagBag from /opt/airflow/dags/etl_process_old.py
[2024-04-24T23:35:48.337+0000] {processor.py:840} INFO - DAG(s) 'process_etl_heart_data' retrieved from /opt/airflow/dags/etl_process_old.py
[2024-04-24T23:35:48.348+0000] {logging_mixin.py:188} INFO - [2024-04-24T23:35:48.348+0000] {dag.py:3036} INFO - Sync 1 DAGs
[2024-04-24T23:35:48.362+0000] {logging_mixin.py:188} INFO - [2024-04-24T23:35:48.362+0000] {dag.py:3823} INFO - Setting next_dagrun for process_etl_heart_data to 2024-04-23 00:00:00+00:00, run_after=2024-04-24 00:00:00+00:00
[2024-04-24T23:35:48.374+0000] {processor.py:183} INFO - Processing /opt/airflow/dags/etl_process_old.py took 0.052 seconds
[2024-04-24T23:36:19.065+0000] {processor.py:161} INFO - Started process (PID=9186) to work on /opt/airflow/dags/etl_process_old.py
[2024-04-24T23:36:19.066+0000] {processor.py:830} INFO - Processing file /opt/airflow/dags/etl_process_old.py for tasks to queue
[2024-04-24T23:36:19.066+0000] {logging_mixin.py:188} INFO - [2024-04-24T23:36:19.066+0000] {dagbag.py:538} INFO - Filling up the DagBag from /opt/airflow/dags/etl_process_old.py
[2024-04-24T23:36:19.079+0000] {processor.py:840} INFO - DAG(s) 'process_etl_heart_data' retrieved from /opt/airflow/dags/etl_process_old.py
[2024-04-24T23:36:19.092+0000] {logging_mixin.py:188} INFO - [2024-04-24T23:36:19.092+0000] {dag.py:3036} INFO - Sync 1 DAGs
[2024-04-24T23:36:19.104+0000] {logging_mixin.py:188} INFO - [2024-04-24T23:36:19.104+0000] {dag.py:3823} INFO - Setting next_dagrun for process_etl_heart_data to 2024-04-23 00:00:00+00:00, run_after=2024-04-24 00:00:00+00:00
[2024-04-24T23:36:19.116+0000] {processor.py:183} INFO - Processing /opt/airflow/dags/etl_process_old.py took 0.053 seconds
[2024-04-24T23:36:49.722+0000] {processor.py:161} INFO - Started process (PID=9455) to work on /opt/airflow/dags/etl_process_old.py
[2024-04-24T23:36:49.723+0000] {processor.py:830} INFO - Processing file /opt/airflow/dags/etl_process_old.py for tasks to queue
[2024-04-24T23:36:49.723+0000] {logging_mixin.py:188} INFO - [2024-04-24T23:36:49.723+0000] {dagbag.py:538} INFO - Filling up the DagBag from /opt/airflow/dags/etl_process_old.py
[2024-04-24T23:36:49.734+0000] {processor.py:840} INFO - DAG(s) 'process_etl_heart_data' retrieved from /opt/airflow/dags/etl_process_old.py
[2024-04-24T23:36:49.745+0000] {logging_mixin.py:188} INFO - [2024-04-24T23:36:49.745+0000] {dag.py:3036} INFO - Sync 1 DAGs
[2024-04-24T23:36:49.756+0000] {logging_mixin.py:188} INFO - [2024-04-24T23:36:49.756+0000] {dag.py:3823} INFO - Setting next_dagrun for process_etl_heart_data to 2024-04-23 00:00:00+00:00, run_after=2024-04-24 00:00:00+00:00
[2024-04-24T23:36:49.767+0000] {processor.py:183} INFO - Processing /opt/airflow/dags/etl_process_old.py took 0.046 seconds
[2024-04-24T23:37:20.496+0000] {processor.py:161} INFO - Started process (PID=9716) to work on /opt/airflow/dags/etl_process_old.py
[2024-04-24T23:37:20.497+0000] {processor.py:830} INFO - Processing file /opt/airflow/dags/etl_process_old.py for tasks to queue
[2024-04-24T23:37:20.497+0000] {logging_mixin.py:188} INFO - [2024-04-24T23:37:20.497+0000] {dagbag.py:538} INFO - Filling up the DagBag from /opt/airflow/dags/etl_process_old.py
[2024-04-24T23:37:20.508+0000] {processor.py:840} INFO - DAG(s) 'process_etl_heart_data' retrieved from /opt/airflow/dags/etl_process_old.py
[2024-04-24T23:37:20.522+0000] {logging_mixin.py:188} INFO - [2024-04-24T23:37:20.522+0000] {dag.py:3036} INFO - Sync 1 DAGs
[2024-04-24T23:37:20.535+0000] {logging_mixin.py:188} INFO - [2024-04-24T23:37:20.535+0000] {dag.py:3823} INFO - Setting next_dagrun for process_etl_heart_data to 2024-04-23 00:00:00+00:00, run_after=2024-04-24 00:00:00+00:00
[2024-04-24T23:37:20.545+0000] {processor.py:183} INFO - Processing /opt/airflow/dags/etl_process_old.py took 0.050 seconds
[2024-04-24T23:37:51.191+0000] {processor.py:161} INFO - Started process (PID=9985) to work on /opt/airflow/dags/etl_process_old.py
[2024-04-24T23:37:51.191+0000] {processor.py:830} INFO - Processing file /opt/airflow/dags/etl_process_old.py for tasks to queue
[2024-04-24T23:37:51.192+0000] {logging_mixin.py:188} INFO - [2024-04-24T23:37:51.192+0000] {dagbag.py:538} INFO - Filling up the DagBag from /opt/airflow/dags/etl_process_old.py
[2024-04-24T23:37:51.203+0000] {processor.py:840} INFO - DAG(s) 'process_etl_heart_data' retrieved from /opt/airflow/dags/etl_process_old.py
[2024-04-24T23:37:51.216+0000] {logging_mixin.py:188} INFO - [2024-04-24T23:37:51.215+0000] {dag.py:3036} INFO - Sync 1 DAGs
[2024-04-24T23:37:51.227+0000] {logging_mixin.py:188} INFO - [2024-04-24T23:37:51.227+0000] {dag.py:3823} INFO - Setting next_dagrun for process_etl_heart_data to 2024-04-23 00:00:00+00:00, run_after=2024-04-24 00:00:00+00:00
[2024-04-24T23:37:51.237+0000] {processor.py:183} INFO - Processing /opt/airflow/dags/etl_process_old.py took 0.048 seconds
[2024-04-24T23:38:21.846+0000] {processor.py:161} INFO - Started process (PID=10246) to work on /opt/airflow/dags/etl_process_old.py
[2024-04-24T23:38:21.846+0000] {processor.py:830} INFO - Processing file /opt/airflow/dags/etl_process_old.py for tasks to queue
[2024-04-24T23:38:21.847+0000] {logging_mixin.py:188} INFO - [2024-04-24T23:38:21.847+0000] {dagbag.py:538} INFO - Filling up the DagBag from /opt/airflow/dags/etl_process_old.py
[2024-04-24T23:38:21.857+0000] {processor.py:840} INFO - DAG(s) 'process_etl_heart_data' retrieved from /opt/airflow/dags/etl_process_old.py
[2024-04-24T23:38:21.871+0000] {logging_mixin.py:188} INFO - [2024-04-24T23:38:21.870+0000] {dag.py:3036} INFO - Sync 1 DAGs
[2024-04-24T23:38:21.883+0000] {logging_mixin.py:188} INFO - [2024-04-24T23:38:21.883+0000] {dag.py:3823} INFO - Setting next_dagrun for process_etl_heart_data to 2024-04-23 00:00:00+00:00, run_after=2024-04-24 00:00:00+00:00
[2024-04-24T23:38:21.893+0000] {processor.py:183} INFO - Processing /opt/airflow/dags/etl_process_old.py took 0.049 seconds
[2024-04-24T23:38:52.592+0000] {processor.py:161} INFO - Started process (PID=10515) to work on /opt/airflow/dags/etl_process_old.py
[2024-04-24T23:38:52.593+0000] {processor.py:830} INFO - Processing file /opt/airflow/dags/etl_process_old.py for tasks to queue
[2024-04-24T23:38:52.593+0000] {logging_mixin.py:188} INFO - [2024-04-24T23:38:52.593+0000] {dagbag.py:538} INFO - Filling up the DagBag from /opt/airflow/dags/etl_process_old.py
[2024-04-24T23:38:52.604+0000] {processor.py:840} INFO - DAG(s) 'process_etl_heart_data' retrieved from /opt/airflow/dags/etl_process_old.py
[2024-04-24T23:38:52.616+0000] {logging_mixin.py:188} INFO - [2024-04-24T23:38:52.616+0000] {dag.py:3036} INFO - Sync 1 DAGs
[2024-04-24T23:38:52.628+0000] {logging_mixin.py:188} INFO - [2024-04-24T23:38:52.628+0000] {dag.py:3823} INFO - Setting next_dagrun for process_etl_heart_data to 2024-04-23 00:00:00+00:00, run_after=2024-04-24 00:00:00+00:00
[2024-04-24T23:38:52.638+0000] {processor.py:183} INFO - Processing /opt/airflow/dags/etl_process_old.py took 0.047 seconds
[2024-04-24T23:39:23.324+0000] {processor.py:161} INFO - Started process (PID=10776) to work on /opt/airflow/dags/etl_process_old.py
[2024-04-24T23:39:23.324+0000] {processor.py:830} INFO - Processing file /opt/airflow/dags/etl_process_old.py for tasks to queue
[2024-04-24T23:39:23.325+0000] {logging_mixin.py:188} INFO - [2024-04-24T23:39:23.325+0000] {dagbag.py:538} INFO - Filling up the DagBag from /opt/airflow/dags/etl_process_old.py
[2024-04-24T23:39:23.337+0000] {processor.py:840} INFO - DAG(s) 'process_etl_heart_data' retrieved from /opt/airflow/dags/etl_process_old.py
[2024-04-24T23:39:23.348+0000] {logging_mixin.py:188} INFO - [2024-04-24T23:39:23.348+0000] {dag.py:3036} INFO - Sync 1 DAGs
[2024-04-24T23:39:23.360+0000] {logging_mixin.py:188} INFO - [2024-04-24T23:39:23.360+0000] {dag.py:3823} INFO - Setting next_dagrun for process_etl_heart_data to 2024-04-23 00:00:00+00:00, run_after=2024-04-24 00:00:00+00:00
[2024-04-24T23:39:23.372+0000] {processor.py:183} INFO - Processing /opt/airflow/dags/etl_process_old.py took 0.050 seconds
[2024-04-24T23:39:54.020+0000] {processor.py:161} INFO - Started process (PID=11045) to work on /opt/airflow/dags/etl_process_old.py
[2024-04-24T23:39:54.020+0000] {processor.py:830} INFO - Processing file /opt/airflow/dags/etl_process_old.py for tasks to queue
[2024-04-24T23:39:54.021+0000] {logging_mixin.py:188} INFO - [2024-04-24T23:39:54.021+0000] {dagbag.py:538} INFO - Filling up the DagBag from /opt/airflow/dags/etl_process_old.py
[2024-04-24T23:39:54.034+0000] {processor.py:840} INFO - DAG(s) 'process_etl_heart_data' retrieved from /opt/airflow/dags/etl_process_old.py
[2024-04-24T23:39:54.045+0000] {logging_mixin.py:188} INFO - [2024-04-24T23:39:54.045+0000] {dag.py:3036} INFO - Sync 1 DAGs
[2024-04-24T23:39:54.057+0000] {logging_mixin.py:188} INFO - [2024-04-24T23:39:54.057+0000] {dag.py:3823} INFO - Setting next_dagrun for process_etl_heart_data to 2024-04-23 00:00:00+00:00, run_after=2024-04-24 00:00:00+00:00
[2024-04-24T23:39:54.067+0000] {processor.py:183} INFO - Processing /opt/airflow/dags/etl_process_old.py took 0.049 seconds
[2024-04-24T23:40:24.721+0000] {processor.py:161} INFO - Started process (PID=11306) to work on /opt/airflow/dags/etl_process_old.py
[2024-04-24T23:40:24.722+0000] {processor.py:830} INFO - Processing file /opt/airflow/dags/etl_process_old.py for tasks to queue
[2024-04-24T23:40:24.722+0000] {logging_mixin.py:188} INFO - [2024-04-24T23:40:24.722+0000] {dagbag.py:538} INFO - Filling up the DagBag from /opt/airflow/dags/etl_process_old.py
[2024-04-24T23:40:24.739+0000] {processor.py:840} INFO - DAG(s) 'process_etl_heart_data' retrieved from /opt/airflow/dags/etl_process_old.py
[2024-04-24T23:40:24.754+0000] {logging_mixin.py:188} INFO - [2024-04-24T23:40:24.754+0000] {dag.py:3036} INFO - Sync 1 DAGs
[2024-04-24T23:40:24.767+0000] {logging_mixin.py:188} INFO - [2024-04-24T23:40:24.767+0000] {dag.py:3823} INFO - Setting next_dagrun for process_etl_heart_data to 2024-04-23 00:00:00+00:00, run_after=2024-04-24 00:00:00+00:00
[2024-04-24T23:40:24.779+0000] {processor.py:183} INFO - Processing /opt/airflow/dags/etl_process_old.py took 0.060 seconds
[2024-04-24T23:40:55.168+0000] {processor.py:161} INFO - Started process (PID=11575) to work on /opt/airflow/dags/etl_process_old.py
[2024-04-24T23:40:55.169+0000] {processor.py:830} INFO - Processing file /opt/airflow/dags/etl_process_old.py for tasks to queue
[2024-04-24T23:40:55.169+0000] {logging_mixin.py:188} INFO - [2024-04-24T23:40:55.169+0000] {dagbag.py:538} INFO - Filling up the DagBag from /opt/airflow/dags/etl_process_old.py
[2024-04-24T23:40:55.180+0000] {processor.py:840} INFO - DAG(s) 'process_etl_heart_data' retrieved from /opt/airflow/dags/etl_process_old.py
[2024-04-24T23:40:55.192+0000] {logging_mixin.py:188} INFO - [2024-04-24T23:40:55.191+0000] {dag.py:3036} INFO - Sync 1 DAGs
[2024-04-24T23:40:55.203+0000] {logging_mixin.py:188} INFO - [2024-04-24T23:40:55.203+0000] {dag.py:3823} INFO - Setting next_dagrun for process_etl_heart_data to 2024-04-23 00:00:00+00:00, run_after=2024-04-24 00:00:00+00:00
[2024-04-24T23:40:55.215+0000] {processor.py:183} INFO - Processing /opt/airflow/dags/etl_process_old.py took 0.048 seconds
[2024-04-24T23:41:25.958+0000] {processor.py:161} INFO - Started process (PID=11836) to work on /opt/airflow/dags/etl_process_old.py
[2024-04-24T23:41:25.959+0000] {processor.py:830} INFO - Processing file /opt/airflow/dags/etl_process_old.py for tasks to queue
[2024-04-24T23:41:25.959+0000] {logging_mixin.py:188} INFO - [2024-04-24T23:41:25.959+0000] {dagbag.py:538} INFO - Filling up the DagBag from /opt/airflow/dags/etl_process_old.py
[2024-04-24T23:41:25.970+0000] {processor.py:840} INFO - DAG(s) 'process_etl_heart_data' retrieved from /opt/airflow/dags/etl_process_old.py
[2024-04-24T23:41:25.981+0000] {logging_mixin.py:188} INFO - [2024-04-24T23:41:25.981+0000] {dag.py:3036} INFO - Sync 1 DAGs
[2024-04-24T23:41:25.993+0000] {logging_mixin.py:188} INFO - [2024-04-24T23:41:25.993+0000] {dag.py:3823} INFO - Setting next_dagrun for process_etl_heart_data to 2024-04-23 00:00:00+00:00, run_after=2024-04-24 00:00:00+00:00
[2024-04-24T23:41:26.006+0000] {processor.py:183} INFO - Processing /opt/airflow/dags/etl_process_old.py took 0.049 seconds
[2024-04-24T23:41:56.594+0000] {processor.py:161} INFO - Started process (PID=12105) to work on /opt/airflow/dags/etl_process_old.py
[2024-04-24T23:41:56.595+0000] {processor.py:830} INFO - Processing file /opt/airflow/dags/etl_process_old.py for tasks to queue
[2024-04-24T23:41:56.595+0000] {logging_mixin.py:188} INFO - [2024-04-24T23:41:56.595+0000] {dagbag.py:538} INFO - Filling up the DagBag from /opt/airflow/dags/etl_process_old.py
[2024-04-24T23:41:56.607+0000] {processor.py:840} INFO - DAG(s) 'process_etl_heart_data' retrieved from /opt/airflow/dags/etl_process_old.py
[2024-04-24T23:41:56.618+0000] {logging_mixin.py:188} INFO - [2024-04-24T23:41:56.618+0000] {dag.py:3036} INFO - Sync 1 DAGs
[2024-04-24T23:41:56.630+0000] {logging_mixin.py:188} INFO - [2024-04-24T23:41:56.630+0000] {dag.py:3823} INFO - Setting next_dagrun for process_etl_heart_data to 2024-04-23 00:00:00+00:00, run_after=2024-04-24 00:00:00+00:00
[2024-04-24T23:41:56.640+0000] {processor.py:183} INFO - Processing /opt/airflow/dags/etl_process_old.py took 0.047 seconds
[2024-04-24T23:42:27.272+0000] {processor.py:161} INFO - Started process (PID=12366) to work on /opt/airflow/dags/etl_process_old.py
[2024-04-24T23:42:27.273+0000] {processor.py:830} INFO - Processing file /opt/airflow/dags/etl_process_old.py for tasks to queue
[2024-04-24T23:42:27.273+0000] {logging_mixin.py:188} INFO - [2024-04-24T23:42:27.273+0000] {dagbag.py:538} INFO - Filling up the DagBag from /opt/airflow/dags/etl_process_old.py
[2024-04-24T23:42:27.288+0000] {processor.py:840} INFO - DAG(s) 'process_etl_heart_data' retrieved from /opt/airflow/dags/etl_process_old.py
[2024-04-24T23:42:27.307+0000] {logging_mixin.py:188} INFO - [2024-04-24T23:42:27.307+0000] {dag.py:3036} INFO - Sync 1 DAGs
[2024-04-24T23:42:27.322+0000] {logging_mixin.py:188} INFO - [2024-04-24T23:42:27.321+0000] {dag.py:3823} INFO - Setting next_dagrun for process_etl_heart_data to 2024-04-23 00:00:00+00:00, run_after=2024-04-24 00:00:00+00:00
[2024-04-24T23:42:27.334+0000] {processor.py:183} INFO - Processing /opt/airflow/dags/etl_process_old.py took 0.064 seconds
[2024-04-24T23:42:57.984+0000] {processor.py:161} INFO - Started process (PID=12635) to work on /opt/airflow/dags/etl_process_old.py
[2024-04-24T23:42:57.984+0000] {processor.py:830} INFO - Processing file /opt/airflow/dags/etl_process_old.py for tasks to queue
[2024-04-24T23:42:57.985+0000] {logging_mixin.py:188} INFO - [2024-04-24T23:42:57.985+0000] {dagbag.py:538} INFO - Filling up the DagBag from /opt/airflow/dags/etl_process_old.py
[2024-04-24T23:42:57.999+0000] {processor.py:840} INFO - DAG(s) 'process_etl_heart_data' retrieved from /opt/airflow/dags/etl_process_old.py
[2024-04-24T23:42:58.013+0000] {logging_mixin.py:188} INFO - [2024-04-24T23:42:58.013+0000] {dag.py:3036} INFO - Sync 1 DAGs
[2024-04-24T23:42:58.029+0000] {logging_mixin.py:188} INFO - [2024-04-24T23:42:58.029+0000] {dag.py:3823} INFO - Setting next_dagrun for process_etl_heart_data to 2024-04-23 00:00:00+00:00, run_after=2024-04-24 00:00:00+00:00
[2024-04-24T23:42:58.045+0000] {processor.py:183} INFO - Processing /opt/airflow/dags/etl_process_old.py took 0.062 seconds
[2024-04-24T23:43:28.739+0000] {processor.py:161} INFO - Started process (PID=12896) to work on /opt/airflow/dags/etl_process_old.py
[2024-04-24T23:43:28.740+0000] {processor.py:830} INFO - Processing file /opt/airflow/dags/etl_process_old.py for tasks to queue
[2024-04-24T23:43:28.740+0000] {logging_mixin.py:188} INFO - [2024-04-24T23:43:28.740+0000] {dagbag.py:538} INFO - Filling up the DagBag from /opt/airflow/dags/etl_process_old.py
[2024-04-24T23:43:28.754+0000] {processor.py:840} INFO - DAG(s) 'process_etl_heart_data' retrieved from /opt/airflow/dags/etl_process_old.py
[2024-04-24T23:43:28.765+0000] {logging_mixin.py:188} INFO - [2024-04-24T23:43:28.765+0000] {dag.py:3036} INFO - Sync 1 DAGs
[2024-04-24T23:43:28.777+0000] {logging_mixin.py:188} INFO - [2024-04-24T23:43:28.777+0000] {dag.py:3823} INFO - Setting next_dagrun for process_etl_heart_data to 2024-04-23 00:00:00+00:00, run_after=2024-04-24 00:00:00+00:00
[2024-04-24T23:43:28.787+0000] {processor.py:183} INFO - Processing /opt/airflow/dags/etl_process_old.py took 0.050 seconds
[2024-04-24T23:43:59.287+0000] {processor.py:161} INFO - Started process (PID=13512) to work on /opt/airflow/dags/etl_process_old.py
[2024-04-24T23:43:59.289+0000] {processor.py:830} INFO - Processing file /opt/airflow/dags/etl_process_old.py for tasks to queue
[2024-04-24T23:43:59.290+0000] {logging_mixin.py:188} INFO - [2024-04-24T23:43:59.289+0000] {dagbag.py:538} INFO - Filling up the DagBag from /opt/airflow/dags/etl_process_old.py
[2024-04-24T23:43:59.306+0000] {processor.py:840} INFO - DAG(s) 'process_etl_heart_data' retrieved from /opt/airflow/dags/etl_process_old.py
[2024-04-24T23:43:59.324+0000] {logging_mixin.py:188} INFO - [2024-04-24T23:43:59.324+0000] {dag.py:3036} INFO - Sync 1 DAGs
[2024-04-24T23:43:59.344+0000] {logging_mixin.py:188} INFO - [2024-04-24T23:43:59.343+0000] {dag.py:3823} INFO - Setting next_dagrun for process_etl_heart_data to 2024-04-23 00:00:00+00:00, run_after=2024-04-24 00:00:00+00:00
[2024-04-24T23:43:59.366+0000] {processor.py:183} INFO - Processing /opt/airflow/dags/etl_process_old.py took 0.081 seconds
[2024-04-24T23:44:29.560+0000] {processor.py:161} INFO - Started process (PID=13820) to work on /opt/airflow/dags/etl_process_old.py
[2024-04-24T23:44:29.567+0000] {processor.py:830} INFO - Processing file /opt/airflow/dags/etl_process_old.py for tasks to queue
[2024-04-24T23:44:29.568+0000] {logging_mixin.py:188} INFO - [2024-04-24T23:44:29.568+0000] {dagbag.py:538} INFO - Filling up the DagBag from /opt/airflow/dags/etl_process_old.py
[2024-04-24T23:44:29.597+0000] {processor.py:840} INFO - DAG(s) 'process_etl_heart_data' retrieved from /opt/airflow/dags/etl_process_old.py
[2024-04-24T23:44:29.615+0000] {logging_mixin.py:188} INFO - [2024-04-24T23:44:29.615+0000] {dag.py:3036} INFO - Sync 1 DAGs
[2024-04-24T23:44:29.635+0000] {logging_mixin.py:188} INFO - [2024-04-24T23:44:29.635+0000] {dag.py:3823} INFO - Setting next_dagrun for process_etl_heart_data to 2024-04-23 00:00:00+00:00, run_after=2024-04-24 00:00:00+00:00
[2024-04-24T23:44:31.001+0000] {processor.py:183} INFO - Processing /opt/airflow/dags/etl_process_old.py took 1.446 seconds
[2024-04-24T23:45:01.997+0000] {processor.py:161} INFO - Started process (PID=14201) to work on /opt/airflow/dags/etl_process_old.py
[2024-04-24T23:45:01.998+0000] {processor.py:830} INFO - Processing file /opt/airflow/dags/etl_process_old.py for tasks to queue
[2024-04-24T23:45:01.999+0000] {logging_mixin.py:188} INFO - [2024-04-24T23:45:01.998+0000] {dagbag.py:538} INFO - Filling up the DagBag from /opt/airflow/dags/etl_process_old.py
[2024-04-24T23:45:02.013+0000] {processor.py:840} INFO - DAG(s) 'process_etl_heart_data' retrieved from /opt/airflow/dags/etl_process_old.py
[2024-04-24T23:45:02.028+0000] {logging_mixin.py:188} INFO - [2024-04-24T23:45:02.027+0000] {dag.py:3036} INFO - Sync 1 DAGs
[2024-04-24T23:45:02.041+0000] {logging_mixin.py:188} INFO - [2024-04-24T23:45:02.041+0000] {dag.py:3823} INFO - Setting next_dagrun for process_etl_heart_data to 2024-04-23 00:00:00+00:00, run_after=2024-04-24 00:00:00+00:00
[2024-04-24T23:45:02.053+0000] {processor.py:183} INFO - Processing /opt/airflow/dags/etl_process_old.py took 0.058 seconds
[2024-04-24T23:46:10.548+0000] {processor.py:161} INFO - Started process (PID=14463) to work on /opt/airflow/dags/etl_process_old.py
[2024-04-24T23:46:10.551+0000] {processor.py:830} INFO - Processing file /opt/airflow/dags/etl_process_old.py for tasks to queue
[2024-04-24T23:46:10.552+0000] {logging_mixin.py:188} INFO - [2024-04-24T23:46:10.552+0000] {dagbag.py:538} INFO - Filling up the DagBag from /opt/airflow/dags/etl_process_old.py
[2024-04-24T23:46:10.583+0000] {processor.py:840} INFO - DAG(s) 'process_etl_heart_data' retrieved from /opt/airflow/dags/etl_process_old.py
[2024-04-24T23:46:10.604+0000] {logging_mixin.py:188} INFO - [2024-04-24T23:46:10.604+0000] {dag.py:3036} INFO - Sync 1 DAGs
[2024-04-24T23:46:10.627+0000] {logging_mixin.py:188} INFO - [2024-04-24T23:46:10.626+0000] {dag.py:3823} INFO - Setting next_dagrun for process_etl_heart_data to 2024-04-23 00:00:00+00:00, run_after=2024-04-24 00:00:00+00:00
[2024-04-24T23:46:10.665+0000] {processor.py:183} INFO - Processing /opt/airflow/dags/etl_process_old.py took 0.120 seconds
[2024-04-24T23:51:35.605+0000] {processor.py:161} INFO - Started process (PID=14712) to work on /opt/airflow/dags/etl_process_old.py
[2024-04-24T23:51:35.606+0000] {processor.py:830} INFO - Processing file /opt/airflow/dags/etl_process_old.py for tasks to queue
[2024-04-24T23:51:35.607+0000] {logging_mixin.py:188} INFO - [2024-04-24T23:51:35.606+0000] {dagbag.py:538} INFO - Filling up the DagBag from /opt/airflow/dags/etl_process_old.py
[2024-04-24T23:51:35.624+0000] {processor.py:840} INFO - DAG(s) 'process_etl_heart_data' retrieved from /opt/airflow/dags/etl_process_old.py
[2024-04-24T23:51:35.641+0000] {logging_mixin.py:188} INFO - [2024-04-24T23:51:35.641+0000] {dag.py:3036} INFO - Sync 1 DAGs
[2024-04-24T23:51:35.657+0000] {logging_mixin.py:188} INFO - [2024-04-24T23:51:35.657+0000] {dag.py:3823} INFO - Setting next_dagrun for process_etl_heart_data to 2024-04-23 00:00:00+00:00, run_after=2024-04-24 00:00:00+00:00
[2024-04-24T23:51:35.673+0000] {processor.py:183} INFO - Processing /opt/airflow/dags/etl_process_old.py took 0.071 seconds
[2024-04-24T23:52:09.510+0000] {processor.py:161} INFO - Started process (PID=15046) to work on /opt/airflow/dags/etl_process_old.py
[2024-04-24T23:52:09.512+0000] {processor.py:830} INFO - Processing file /opt/airflow/dags/etl_process_old.py for tasks to queue
[2024-04-24T23:52:09.513+0000] {logging_mixin.py:188} INFO - [2024-04-24T23:52:09.513+0000] {dagbag.py:538} INFO - Filling up the DagBag from /opt/airflow/dags/etl_process_old.py
[2024-04-24T23:52:09.530+0000] {processor.py:840} INFO - DAG(s) 'process_etl_heart_data' retrieved from /opt/airflow/dags/etl_process_old.py
[2024-04-24T23:52:09.547+0000] {logging_mixin.py:188} INFO - [2024-04-24T23:52:09.547+0000] {dag.py:3036} INFO - Sync 1 DAGs
[2024-04-24T23:52:09.562+0000] {logging_mixin.py:188} INFO - [2024-04-24T23:52:09.562+0000] {dag.py:3823} INFO - Setting next_dagrun for process_etl_heart_data to 2024-04-23 00:00:00+00:00, run_after=2024-04-24 00:00:00+00:00
[2024-04-24T23:52:09.686+0000] {processor.py:183} INFO - Processing /opt/airflow/dags/etl_process_old.py took 0.178 seconds
[2024-04-24T23:52:40.383+0000] {processor.py:161} INFO - Started process (PID=15305) to work on /opt/airflow/dags/etl_process_old.py
[2024-04-24T23:52:40.383+0000] {processor.py:830} INFO - Processing file /opt/airflow/dags/etl_process_old.py for tasks to queue
[2024-04-24T23:52:40.384+0000] {logging_mixin.py:188} INFO - [2024-04-24T23:52:40.384+0000] {dagbag.py:538} INFO - Filling up the DagBag from /opt/airflow/dags/etl_process_old.py
[2024-04-24T23:52:40.397+0000] {processor.py:840} INFO - DAG(s) 'process_etl_heart_data' retrieved from /opt/airflow/dags/etl_process_old.py
[2024-04-24T23:52:40.409+0000] {logging_mixin.py:188} INFO - [2024-04-24T23:52:40.409+0000] {dag.py:3036} INFO - Sync 1 DAGs
[2024-04-24T23:52:40.425+0000] {logging_mixin.py:188} INFO - [2024-04-24T23:52:40.424+0000] {dag.py:3823} INFO - Setting next_dagrun for process_etl_heart_data to 2024-04-23 00:00:00+00:00, run_after=2024-04-24 00:00:00+00:00
[2024-04-24T23:52:40.436+0000] {processor.py:183} INFO - Processing /opt/airflow/dags/etl_process_old.py took 0.055 seconds
[2024-04-24T23:53:30.083+0000] {processor.py:161} INFO - Started process (PID=15536) to work on /opt/airflow/dags/etl_process_old.py
[2024-04-24T23:53:30.084+0000] {processor.py:830} INFO - Processing file /opt/airflow/dags/etl_process_old.py for tasks to queue
[2024-04-24T23:53:30.085+0000] {logging_mixin.py:188} INFO - [2024-04-24T23:53:30.085+0000] {dagbag.py:538} INFO - Filling up the DagBag from /opt/airflow/dags/etl_process_old.py
[2024-04-24T23:53:30.105+0000] {processor.py:840} INFO - DAG(s) 'process_etl_heart_data' retrieved from /opt/airflow/dags/etl_process_old.py
[2024-04-24T23:53:30.121+0000] {logging_mixin.py:188} INFO - [2024-04-24T23:53:30.121+0000] {dag.py:3036} INFO - Sync 1 DAGs
[2024-04-24T23:53:30.138+0000] {logging_mixin.py:188} INFO - [2024-04-24T23:53:30.138+0000] {dag.py:3823} INFO - Setting next_dagrun for process_etl_heart_data to 2024-04-23 00:00:00+00:00, run_after=2024-04-24 00:00:00+00:00
[2024-04-24T23:53:30.152+0000] {processor.py:183} INFO - Processing /opt/airflow/dags/etl_process_old.py took 0.072 seconds
[2024-04-24T23:54:01.734+0000] {processor.py:161} INFO - Started process (PID=15805) to work on /opt/airflow/dags/etl_process_old.py
[2024-04-24T23:54:01.735+0000] {processor.py:830} INFO - Processing file /opt/airflow/dags/etl_process_old.py for tasks to queue
[2024-04-24T23:54:01.736+0000] {logging_mixin.py:188} INFO - [2024-04-24T23:54:01.736+0000] {dagbag.py:538} INFO - Filling up the DagBag from /opt/airflow/dags/etl_process_old.py
[2024-04-24T23:54:01.751+0000] {processor.py:840} INFO - DAG(s) 'process_etl_heart_data' retrieved from /opt/airflow/dags/etl_process_old.py
[2024-04-24T23:54:01.763+0000] {logging_mixin.py:188} INFO - [2024-04-24T23:54:01.763+0000] {dag.py:3036} INFO - Sync 1 DAGs
[2024-04-24T23:54:01.779+0000] {logging_mixin.py:188} INFO - [2024-04-24T23:54:01.779+0000] {dag.py:3823} INFO - Setting next_dagrun for process_etl_heart_data to 2024-04-23 00:00:00+00:00, run_after=2024-04-24 00:00:00+00:00
[2024-04-24T23:54:01.796+0000] {processor.py:183} INFO - Processing /opt/airflow/dags/etl_process_old.py took 0.064 seconds
[2024-04-24T23:54:36.383+0000] {processor.py:161} INFO - Started process (PID=16054) to work on /opt/airflow/dags/etl_process_old.py
[2024-04-24T23:54:36.383+0000] {processor.py:830} INFO - Processing file /opt/airflow/dags/etl_process_old.py for tasks to queue
[2024-04-24T23:54:36.384+0000] {logging_mixin.py:188} INFO - [2024-04-24T23:54:36.384+0000] {dagbag.py:538} INFO - Filling up the DagBag from /opt/airflow/dags/etl_process_old.py
[2024-04-24T23:54:36.399+0000] {processor.py:840} INFO - DAG(s) 'process_etl_heart_data' retrieved from /opt/airflow/dags/etl_process_old.py
[2024-04-24T23:54:36.411+0000] {logging_mixin.py:188} INFO - [2024-04-24T23:54:36.411+0000] {dag.py:3036} INFO - Sync 1 DAGs
[2024-04-24T23:54:36.424+0000] {logging_mixin.py:188} INFO - [2024-04-24T23:54:36.424+0000] {dag.py:3823} INFO - Setting next_dagrun for process_etl_heart_data to 2024-04-23 00:00:00+00:00, run_after=2024-04-24 00:00:00+00:00
[2024-04-24T23:54:36.436+0000] {processor.py:183} INFO - Processing /opt/airflow/dags/etl_process_old.py took 0.055 seconds
[2024-04-24T23:55:07.207+0000] {processor.py:161} INFO - Started process (PID=16325) to work on /opt/airflow/dags/etl_process_old.py
[2024-04-24T23:55:07.208+0000] {processor.py:830} INFO - Processing file /opt/airflow/dags/etl_process_old.py for tasks to queue
[2024-04-24T23:55:07.209+0000] {logging_mixin.py:188} INFO - [2024-04-24T23:55:07.208+0000] {dagbag.py:538} INFO - Filling up the DagBag from /opt/airflow/dags/etl_process_old.py
[2024-04-24T23:55:07.222+0000] {processor.py:840} INFO - DAG(s) 'process_etl_heart_data' retrieved from /opt/airflow/dags/etl_process_old.py
[2024-04-24T23:55:07.236+0000] {logging_mixin.py:188} INFO - [2024-04-24T23:55:07.235+0000] {dag.py:3036} INFO - Sync 1 DAGs
[2024-04-24T23:55:07.251+0000] {logging_mixin.py:188} INFO - [2024-04-24T23:55:07.251+0000] {dag.py:3823} INFO - Setting next_dagrun for process_etl_heart_data to 2024-04-23 00:00:00+00:00, run_after=2024-04-24 00:00:00+00:00
[2024-04-24T23:55:07.266+0000] {processor.py:183} INFO - Processing /opt/airflow/dags/etl_process_old.py took 0.061 seconds
[2024-04-24T23:59:32.281+0000] {processor.py:161} INFO - Started process (PID=16415) to work on /opt/airflow/dags/etl_process_old.py
[2024-04-24T23:59:34.723+0000] {processor.py:830} INFO - Processing file /opt/airflow/dags/etl_process_old.py for tasks to queue
[2024-04-24T23:59:34.829+0000] {logging_mixin.py:188} INFO - [2024-04-24T23:59:34.751+0000] {dagbag.py:538} INFO - Filling up the DagBag from /opt/airflow/dags/etl_process_old.py
