[2024-04-24T23:16:14.147+0000] {processor.py:161} INFO - Started process (PID=181) to work on /opt/airflow/dags/retrain_the_model_old.py
[2024-04-24T23:16:14.148+0000] {processor.py:830} INFO - Processing file /opt/airflow/dags/retrain_the_model_old.py for tasks to queue
[2024-04-24T23:16:14.149+0000] {logging_mixin.py:188} INFO - [2024-04-24T23:16:14.148+0000] {dagbag.py:538} INFO - Filling up the DagBag from /opt/airflow/dags/retrain_the_model_old.py
[2024-04-24T23:16:14.169+0000] {processor.py:840} INFO - DAG(s) 'retrain_the_model' retrieved from /opt/airflow/dags/retrain_the_model_old.py
[2024-04-24T23:16:14.244+0000] {logging_mixin.py:188} INFO - [2024-04-24T23:16:14.244+0000] {override.py:1769} INFO - Created Permission View: can edit on DAG:retrain_the_model
[2024-04-24T23:16:14.251+0000] {logging_mixin.py:188} INFO - [2024-04-24T23:16:14.250+0000] {override.py:1769} INFO - Created Permission View: can read on DAG:retrain_the_model
[2024-04-24T23:16:14.255+0000] {logging_mixin.py:188} INFO - [2024-04-24T23:16:14.255+0000] {override.py:1769} INFO - Created Permission View: can delete on DAG:retrain_the_model
[2024-04-24T23:16:14.256+0000] {logging_mixin.py:188} INFO - [2024-04-24T23:16:14.256+0000] {dag.py:3036} INFO - Sync 1 DAGs
[2024-04-24T23:16:14.263+0000] {logging_mixin.py:188} INFO - [2024-04-24T23:16:14.263+0000] {dag.py:3058} INFO - Creating ORM DAG for retrain_the_model
[2024-04-24T23:16:14.269+0000] {logging_mixin.py:188} INFO - [2024-04-24T23:16:14.269+0000] {dag.py:3823} INFO - Setting next_dagrun for retrain_the_model to 2024-04-23 00:00:00+00:00, run_after=2024-04-24 00:00:00+00:00
[2024-04-24T23:16:14.284+0000] {processor.py:183} INFO - Processing /opt/airflow/dags/retrain_the_model_old.py took 0.138 seconds
[2024-04-24T23:16:44.355+0000] {processor.py:161} INFO - Started process (PID=442) to work on /opt/airflow/dags/retrain_the_model_old.py
[2024-04-24T23:16:44.355+0000] {processor.py:830} INFO - Processing file /opt/airflow/dags/retrain_the_model_old.py for tasks to queue
[2024-04-24T23:16:44.356+0000] {logging_mixin.py:188} INFO - [2024-04-24T23:16:44.356+0000] {dagbag.py:538} INFO - Filling up the DagBag from /opt/airflow/dags/retrain_the_model_old.py
[2024-04-24T23:16:44.369+0000] {processor.py:840} INFO - DAG(s) 'retrain_the_model' retrieved from /opt/airflow/dags/retrain_the_model_old.py
[2024-04-24T23:16:44.382+0000] {logging_mixin.py:188} INFO - [2024-04-24T23:16:44.381+0000] {dag.py:3036} INFO - Sync 1 DAGs
[2024-04-24T23:16:44.395+0000] {logging_mixin.py:188} INFO - [2024-04-24T23:16:44.394+0000] {dag.py:3823} INFO - Setting next_dagrun for retrain_the_model to 2024-04-23 00:00:00+00:00, run_after=2024-04-24 00:00:00+00:00
[2024-04-24T23:16:44.406+0000] {processor.py:183} INFO - Processing /opt/airflow/dags/retrain_the_model_old.py took 0.053 seconds
[2024-04-24T23:17:14.999+0000] {processor.py:161} INFO - Started process (PID=711) to work on /opt/airflow/dags/retrain_the_model_old.py
[2024-04-24T23:17:15.000+0000] {processor.py:830} INFO - Processing file /opt/airflow/dags/retrain_the_model_old.py for tasks to queue
[2024-04-24T23:17:15.000+0000] {logging_mixin.py:188} INFO - [2024-04-24T23:17:15.000+0000] {dagbag.py:538} INFO - Filling up the DagBag from /opt/airflow/dags/retrain_the_model_old.py
[2024-04-24T23:17:15.012+0000] {processor.py:840} INFO - DAG(s) 'retrain_the_model' retrieved from /opt/airflow/dags/retrain_the_model_old.py
[2024-04-24T23:17:15.023+0000] {logging_mixin.py:188} INFO - [2024-04-24T23:17:15.023+0000] {dag.py:3036} INFO - Sync 1 DAGs
[2024-04-24T23:17:15.036+0000] {logging_mixin.py:188} INFO - [2024-04-24T23:17:15.036+0000] {dag.py:3823} INFO - Setting next_dagrun for retrain_the_model to 2024-04-23 00:00:00+00:00, run_after=2024-04-24 00:00:00+00:00
[2024-04-24T23:17:15.047+0000] {processor.py:183} INFO - Processing /opt/airflow/dags/retrain_the_model_old.py took 0.049 seconds
[2024-04-24T23:19:07.257+0000] {processor.py:161} INFO - Started process (PID=181) to work on /opt/airflow/dags/retrain_the_model_old.py
[2024-04-24T23:19:07.258+0000] {processor.py:830} INFO - Processing file /opt/airflow/dags/retrain_the_model_old.py for tasks to queue
[2024-04-24T23:19:07.258+0000] {logging_mixin.py:188} INFO - [2024-04-24T23:19:07.258+0000] {dagbag.py:538} INFO - Filling up the DagBag from /opt/airflow/dags/retrain_the_model_old.py
[2024-04-24T23:19:07.270+0000] {processor.py:840} INFO - DAG(s) 'retrain_the_model' retrieved from /opt/airflow/dags/retrain_the_model_old.py
[2024-04-24T23:19:07.339+0000] {logging_mixin.py:188} INFO - [2024-04-24T23:19:07.339+0000] {dag.py:3036} INFO - Sync 1 DAGs
[2024-04-24T23:19:07.351+0000] {logging_mixin.py:188} INFO - [2024-04-24T23:19:07.351+0000] {dag.py:3823} INFO - Setting next_dagrun for retrain_the_model to 2024-04-23 00:00:00+00:00, run_after=2024-04-24 00:00:00+00:00
[2024-04-24T23:19:07.364+0000] {processor.py:183} INFO - Processing /opt/airflow/dags/retrain_the_model_old.py took 0.108 seconds
[2024-04-24T23:19:37.986+0000] {processor.py:161} INFO - Started process (PID=442) to work on /opt/airflow/dags/retrain_the_model_old.py
[2024-04-24T23:19:37.986+0000] {processor.py:830} INFO - Processing file /opt/airflow/dags/retrain_the_model_old.py for tasks to queue
[2024-04-24T23:19:37.987+0000] {logging_mixin.py:188} INFO - [2024-04-24T23:19:37.987+0000] {dagbag.py:538} INFO - Filling up the DagBag from /opt/airflow/dags/retrain_the_model_old.py
[2024-04-24T23:19:38.000+0000] {processor.py:840} INFO - DAG(s) 'retrain_the_model' retrieved from /opt/airflow/dags/retrain_the_model_old.py
[2024-04-24T23:19:38.013+0000] {logging_mixin.py:188} INFO - [2024-04-24T23:19:38.013+0000] {dag.py:3036} INFO - Sync 1 DAGs
[2024-04-24T23:19:38.025+0000] {logging_mixin.py:188} INFO - [2024-04-24T23:19:38.025+0000] {dag.py:3823} INFO - Setting next_dagrun for retrain_the_model to 2024-04-23 00:00:00+00:00, run_after=2024-04-24 00:00:00+00:00
[2024-04-24T23:19:38.039+0000] {processor.py:183} INFO - Processing /opt/airflow/dags/retrain_the_model_old.py took 0.056 seconds
[2024-04-24T23:20:08.197+0000] {processor.py:161} INFO - Started process (PID=711) to work on /opt/airflow/dags/retrain_the_model_old.py
[2024-04-24T23:20:08.198+0000] {processor.py:830} INFO - Processing file /opt/airflow/dags/retrain_the_model_old.py for tasks to queue
[2024-04-24T23:20:08.198+0000] {logging_mixin.py:188} INFO - [2024-04-24T23:20:08.198+0000] {dagbag.py:538} INFO - Filling up the DagBag from /opt/airflow/dags/retrain_the_model_old.py
[2024-04-24T23:20:08.212+0000] {processor.py:840} INFO - DAG(s) 'retrain_the_model' retrieved from /opt/airflow/dags/retrain_the_model_old.py
[2024-04-24T23:20:08.227+0000] {logging_mixin.py:188} INFO - [2024-04-24T23:20:08.227+0000] {dag.py:3036} INFO - Sync 1 DAGs
[2024-04-24T23:20:08.243+0000] {logging_mixin.py:188} INFO - [2024-04-24T23:20:08.242+0000] {dag.py:3823} INFO - Setting next_dagrun for retrain_the_model to 2024-04-23 00:00:00+00:00, run_after=2024-04-24 00:00:00+00:00
[2024-04-24T23:20:08.254+0000] {processor.py:183} INFO - Processing /opt/airflow/dags/retrain_the_model_old.py took 0.059 seconds
[2024-04-24T23:20:38.301+0000] {processor.py:161} INFO - Started process (PID=972) to work on /opt/airflow/dags/retrain_the_model_old.py
[2024-04-24T23:20:38.301+0000] {processor.py:830} INFO - Processing file /opt/airflow/dags/retrain_the_model_old.py for tasks to queue
[2024-04-24T23:20:38.302+0000] {logging_mixin.py:188} INFO - [2024-04-24T23:20:38.302+0000] {dagbag.py:538} INFO - Filling up the DagBag from /opt/airflow/dags/retrain_the_model_old.py
[2024-04-24T23:20:38.314+0000] {processor.py:840} INFO - DAG(s) 'retrain_the_model' retrieved from /opt/airflow/dags/retrain_the_model_old.py
[2024-04-24T23:20:38.328+0000] {logging_mixin.py:188} INFO - [2024-04-24T23:20:38.327+0000] {dag.py:3036} INFO - Sync 1 DAGs
[2024-04-24T23:20:38.340+0000] {logging_mixin.py:188} INFO - [2024-04-24T23:20:38.340+0000] {dag.py:3823} INFO - Setting next_dagrun for retrain_the_model to 2024-04-23 00:00:00+00:00, run_after=2024-04-24 00:00:00+00:00
[2024-04-24T23:20:38.351+0000] {processor.py:183} INFO - Processing /opt/airflow/dags/retrain_the_model_old.py took 0.051 seconds
[2024-04-24T23:21:08.496+0000] {processor.py:161} INFO - Started process (PID=1241) to work on /opt/airflow/dags/retrain_the_model_old.py
[2024-04-24T23:21:08.496+0000] {processor.py:830} INFO - Processing file /opt/airflow/dags/retrain_the_model_old.py for tasks to queue
[2024-04-24T23:21:08.497+0000] {logging_mixin.py:188} INFO - [2024-04-24T23:21:08.497+0000] {dagbag.py:538} INFO - Filling up the DagBag from /opt/airflow/dags/retrain_the_model_old.py
[2024-04-24T23:21:08.508+0000] {processor.py:840} INFO - DAG(s) 'retrain_the_model' retrieved from /opt/airflow/dags/retrain_the_model_old.py
[2024-04-24T23:21:08.521+0000] {logging_mixin.py:188} INFO - [2024-04-24T23:21:08.520+0000] {dag.py:3036} INFO - Sync 1 DAGs
[2024-04-24T23:21:08.533+0000] {logging_mixin.py:188} INFO - [2024-04-24T23:21:08.533+0000] {dag.py:3823} INFO - Setting next_dagrun for retrain_the_model to 2024-04-23 00:00:00+00:00, run_after=2024-04-24 00:00:00+00:00
[2024-04-24T23:21:08.544+0000] {processor.py:183} INFO - Processing /opt/airflow/dags/retrain_the_model_old.py took 0.050 seconds
[2024-04-24T23:21:38.751+0000] {processor.py:161} INFO - Started process (PID=1502) to work on /opt/airflow/dags/retrain_the_model_old.py
[2024-04-24T23:21:38.751+0000] {processor.py:830} INFO - Processing file /opt/airflow/dags/retrain_the_model_old.py for tasks to queue
[2024-04-24T23:21:38.752+0000] {logging_mixin.py:188} INFO - [2024-04-24T23:21:38.752+0000] {dagbag.py:538} INFO - Filling up the DagBag from /opt/airflow/dags/retrain_the_model_old.py
[2024-04-24T23:21:38.764+0000] {processor.py:840} INFO - DAG(s) 'retrain_the_model' retrieved from /opt/airflow/dags/retrain_the_model_old.py
[2024-04-24T23:21:38.776+0000] {logging_mixin.py:188} INFO - [2024-04-24T23:21:38.775+0000] {dag.py:3036} INFO - Sync 1 DAGs
[2024-04-24T23:21:38.787+0000] {logging_mixin.py:188} INFO - [2024-04-24T23:21:38.787+0000] {dag.py:3823} INFO - Setting next_dagrun for retrain_the_model to 2024-04-23 00:00:00+00:00, run_after=2024-04-24 00:00:00+00:00
[2024-04-24T23:21:38.799+0000] {processor.py:183} INFO - Processing /opt/airflow/dags/retrain_the_model_old.py took 0.050 seconds
[2024-04-24T23:22:09.053+0000] {processor.py:161} INFO - Started process (PID=1769) to work on /opt/airflow/dags/retrain_the_model_old.py
[2024-04-24T23:22:09.054+0000] {processor.py:830} INFO - Processing file /opt/airflow/dags/retrain_the_model_old.py for tasks to queue
[2024-04-24T23:22:09.054+0000] {logging_mixin.py:188} INFO - [2024-04-24T23:22:09.054+0000] {dagbag.py:538} INFO - Filling up the DagBag from /opt/airflow/dags/retrain_the_model_old.py
[2024-04-24T23:22:09.067+0000] {processor.py:840} INFO - DAG(s) 'retrain_the_model' retrieved from /opt/airflow/dags/retrain_the_model_old.py
[2024-04-24T23:22:09.079+0000] {logging_mixin.py:188} INFO - [2024-04-24T23:22:09.079+0000] {dag.py:3036} INFO - Sync 1 DAGs
[2024-04-24T23:22:09.091+0000] {logging_mixin.py:188} INFO - [2024-04-24T23:22:09.091+0000] {dag.py:3823} INFO - Setting next_dagrun for retrain_the_model to 2024-04-23 00:00:00+00:00, run_after=2024-04-24 00:00:00+00:00
[2024-04-24T23:22:09.114+0000] {processor.py:183} INFO - Processing /opt/airflow/dags/retrain_the_model_old.py took 0.062 seconds
[2024-04-24T23:22:39.317+0000] {processor.py:161} INFO - Started process (PID=2032) to work on /opt/airflow/dags/retrain_the_model_old.py
[2024-04-24T23:22:39.317+0000] {processor.py:830} INFO - Processing file /opt/airflow/dags/retrain_the_model_old.py for tasks to queue
[2024-04-24T23:22:39.318+0000] {logging_mixin.py:188} INFO - [2024-04-24T23:22:39.318+0000] {dagbag.py:538} INFO - Filling up the DagBag from /opt/airflow/dags/retrain_the_model_old.py
[2024-04-24T23:22:39.329+0000] {processor.py:840} INFO - DAG(s) 'retrain_the_model' retrieved from /opt/airflow/dags/retrain_the_model_old.py
[2024-04-24T23:22:39.342+0000] {logging_mixin.py:188} INFO - [2024-04-24T23:22:39.341+0000] {dag.py:3036} INFO - Sync 1 DAGs
[2024-04-24T23:22:39.355+0000] {logging_mixin.py:188} INFO - [2024-04-24T23:22:39.354+0000] {dag.py:3823} INFO - Setting next_dagrun for retrain_the_model to 2024-04-23 00:00:00+00:00, run_after=2024-04-24 00:00:00+00:00
[2024-04-24T23:22:39.365+0000] {processor.py:183} INFO - Processing /opt/airflow/dags/retrain_the_model_old.py took 0.050 seconds
[2024-04-24T23:23:09.624+0000] {processor.py:161} INFO - Started process (PID=2301) to work on /opt/airflow/dags/retrain_the_model_old.py
[2024-04-24T23:23:09.624+0000] {processor.py:830} INFO - Processing file /opt/airflow/dags/retrain_the_model_old.py for tasks to queue
[2024-04-24T23:23:09.625+0000] {logging_mixin.py:188} INFO - [2024-04-24T23:23:09.625+0000] {dagbag.py:538} INFO - Filling up the DagBag from /opt/airflow/dags/retrain_the_model_old.py
[2024-04-24T23:23:09.636+0000] {processor.py:840} INFO - DAG(s) 'retrain_the_model' retrieved from /opt/airflow/dags/retrain_the_model_old.py
[2024-04-24T23:23:09.648+0000] {logging_mixin.py:188} INFO - [2024-04-24T23:23:09.648+0000] {dag.py:3036} INFO - Sync 1 DAGs
[2024-04-24T23:23:09.661+0000] {logging_mixin.py:188} INFO - [2024-04-24T23:23:09.660+0000] {dag.py:3823} INFO - Setting next_dagrun for retrain_the_model to 2024-04-23 00:00:00+00:00, run_after=2024-04-24 00:00:00+00:00
[2024-04-24T23:23:09.672+0000] {processor.py:183} INFO - Processing /opt/airflow/dags/retrain_the_model_old.py took 0.050 seconds
[2024-04-24T23:23:39.927+0000] {processor.py:161} INFO - Started process (PID=2562) to work on /opt/airflow/dags/retrain_the_model_old.py
[2024-04-24T23:23:39.928+0000] {processor.py:830} INFO - Processing file /opt/airflow/dags/retrain_the_model_old.py for tasks to queue
[2024-04-24T23:23:39.928+0000] {logging_mixin.py:188} INFO - [2024-04-24T23:23:39.928+0000] {dagbag.py:538} INFO - Filling up the DagBag from /opt/airflow/dags/retrain_the_model_old.py
[2024-04-24T23:23:39.939+0000] {processor.py:840} INFO - DAG(s) 'retrain_the_model' retrieved from /opt/airflow/dags/retrain_the_model_old.py
[2024-04-24T23:23:39.953+0000] {logging_mixin.py:188} INFO - [2024-04-24T23:23:39.953+0000] {dag.py:3036} INFO - Sync 1 DAGs
[2024-04-24T23:23:39.965+0000] {logging_mixin.py:188} INFO - [2024-04-24T23:23:39.965+0000] {dag.py:3823} INFO - Setting next_dagrun for retrain_the_model to 2024-04-23 00:00:00+00:00, run_after=2024-04-24 00:00:00+00:00
[2024-04-24T23:23:39.975+0000] {processor.py:183} INFO - Processing /opt/airflow/dags/retrain_the_model_old.py took 0.050 seconds
[2024-04-24T23:24:10.207+0000] {processor.py:161} INFO - Started process (PID=2831) to work on /opt/airflow/dags/retrain_the_model_old.py
[2024-04-24T23:24:10.207+0000] {processor.py:830} INFO - Processing file /opt/airflow/dags/retrain_the_model_old.py for tasks to queue
[2024-04-24T23:24:10.208+0000] {logging_mixin.py:188} INFO - [2024-04-24T23:24:10.208+0000] {dagbag.py:538} INFO - Filling up the DagBag from /opt/airflow/dags/retrain_the_model_old.py
[2024-04-24T23:24:10.221+0000] {processor.py:840} INFO - DAG(s) 'retrain_the_model' retrieved from /opt/airflow/dags/retrain_the_model_old.py
[2024-04-24T23:24:10.233+0000] {logging_mixin.py:188} INFO - [2024-04-24T23:24:10.233+0000] {dag.py:3036} INFO - Sync 1 DAGs
[2024-04-24T23:24:10.246+0000] {logging_mixin.py:188} INFO - [2024-04-24T23:24:10.246+0000] {dag.py:3823} INFO - Setting next_dagrun for retrain_the_model to 2024-04-23 00:00:00+00:00, run_after=2024-04-24 00:00:00+00:00
[2024-04-24T23:24:10.256+0000] {processor.py:183} INFO - Processing /opt/airflow/dags/retrain_the_model_old.py took 0.051 seconds
[2024-04-24T23:24:40.381+0000] {processor.py:161} INFO - Started process (PID=3092) to work on /opt/airflow/dags/retrain_the_model_old.py
[2024-04-24T23:24:40.382+0000] {processor.py:830} INFO - Processing file /opt/airflow/dags/retrain_the_model_old.py for tasks to queue
[2024-04-24T23:24:40.383+0000] {logging_mixin.py:188} INFO - [2024-04-24T23:24:40.382+0000] {dagbag.py:538} INFO - Filling up the DagBag from /opt/airflow/dags/retrain_the_model_old.py
[2024-04-24T23:24:40.395+0000] {processor.py:840} INFO - DAG(s) 'retrain_the_model' retrieved from /opt/airflow/dags/retrain_the_model_old.py
[2024-04-24T23:24:40.409+0000] {logging_mixin.py:188} INFO - [2024-04-24T23:24:40.408+0000] {dag.py:3036} INFO - Sync 1 DAGs
[2024-04-24T23:24:40.423+0000] {logging_mixin.py:188} INFO - [2024-04-24T23:24:40.423+0000] {dag.py:3823} INFO - Setting next_dagrun for retrain_the_model to 2024-04-23 00:00:00+00:00, run_after=2024-04-24 00:00:00+00:00
[2024-04-24T23:24:40.434+0000] {processor.py:183} INFO - Processing /opt/airflow/dags/retrain_the_model_old.py took 0.054 seconds
[2024-04-24T23:25:10.567+0000] {processor.py:161} INFO - Started process (PID=3361) to work on /opt/airflow/dags/retrain_the_model_old.py
[2024-04-24T23:25:10.567+0000] {processor.py:830} INFO - Processing file /opt/airflow/dags/retrain_the_model_old.py for tasks to queue
[2024-04-24T23:25:10.568+0000] {logging_mixin.py:188} INFO - [2024-04-24T23:25:10.568+0000] {dagbag.py:538} INFO - Filling up the DagBag from /opt/airflow/dags/retrain_the_model_old.py
[2024-04-24T23:25:10.581+0000] {processor.py:840} INFO - DAG(s) 'retrain_the_model' retrieved from /opt/airflow/dags/retrain_the_model_old.py
[2024-04-24T23:25:10.592+0000] {logging_mixin.py:188} INFO - [2024-04-24T23:25:10.592+0000] {dag.py:3036} INFO - Sync 1 DAGs
[2024-04-24T23:25:10.604+0000] {logging_mixin.py:188} INFO - [2024-04-24T23:25:10.604+0000] {dag.py:3823} INFO - Setting next_dagrun for retrain_the_model to 2024-04-23 00:00:00+00:00, run_after=2024-04-24 00:00:00+00:00
[2024-04-24T23:25:10.615+0000] {processor.py:183} INFO - Processing /opt/airflow/dags/retrain_the_model_old.py took 0.050 seconds
[2024-04-24T23:25:40.723+0000] {processor.py:161} INFO - Started process (PID=3622) to work on /opt/airflow/dags/retrain_the_model_old.py
[2024-04-24T23:25:40.724+0000] {processor.py:830} INFO - Processing file /opt/airflow/dags/retrain_the_model_old.py for tasks to queue
[2024-04-24T23:25:40.724+0000] {logging_mixin.py:188} INFO - [2024-04-24T23:25:40.724+0000] {dagbag.py:538} INFO - Filling up the DagBag from /opt/airflow/dags/retrain_the_model_old.py
[2024-04-24T23:25:40.735+0000] {processor.py:840} INFO - DAG(s) 'retrain_the_model' retrieved from /opt/airflow/dags/retrain_the_model_old.py
[2024-04-24T23:25:40.748+0000] {logging_mixin.py:188} INFO - [2024-04-24T23:25:40.748+0000] {dag.py:3036} INFO - Sync 1 DAGs
[2024-04-24T23:25:40.761+0000] {logging_mixin.py:188} INFO - [2024-04-24T23:25:40.761+0000] {dag.py:3823} INFO - Setting next_dagrun for retrain_the_model to 2024-04-23 00:00:00+00:00, run_after=2024-04-24 00:00:00+00:00
[2024-04-24T23:25:40.772+0000] {processor.py:183} INFO - Processing /opt/airflow/dags/retrain_the_model_old.py took 0.050 seconds
[2024-04-24T23:26:10.948+0000] {processor.py:161} INFO - Started process (PID=3891) to work on /opt/airflow/dags/retrain_the_model_old.py
[2024-04-24T23:26:10.949+0000] {processor.py:830} INFO - Processing file /opt/airflow/dags/retrain_the_model_old.py for tasks to queue
[2024-04-24T23:26:10.950+0000] {logging_mixin.py:188} INFO - [2024-04-24T23:26:10.949+0000] {dagbag.py:538} INFO - Filling up the DagBag from /opt/airflow/dags/retrain_the_model_old.py
[2024-04-24T23:26:10.960+0000] {processor.py:840} INFO - DAG(s) 'retrain_the_model' retrieved from /opt/airflow/dags/retrain_the_model_old.py
[2024-04-24T23:26:10.973+0000] {logging_mixin.py:188} INFO - [2024-04-24T23:26:10.973+0000] {dag.py:3036} INFO - Sync 1 DAGs
[2024-04-24T23:26:10.986+0000] {logging_mixin.py:188} INFO - [2024-04-24T23:26:10.986+0000] {dag.py:3823} INFO - Setting next_dagrun for retrain_the_model to 2024-04-23 00:00:00+00:00, run_after=2024-04-24 00:00:00+00:00
[2024-04-24T23:26:10.997+0000] {processor.py:183} INFO - Processing /opt/airflow/dags/retrain_the_model_old.py took 0.050 seconds
[2024-04-24T23:26:41.081+0000] {processor.py:161} INFO - Started process (PID=4152) to work on /opt/airflow/dags/retrain_the_model_old.py
[2024-04-24T23:26:41.081+0000] {processor.py:830} INFO - Processing file /opt/airflow/dags/retrain_the_model_old.py for tasks to queue
[2024-04-24T23:26:41.082+0000] {logging_mixin.py:188} INFO - [2024-04-24T23:26:41.082+0000] {dagbag.py:538} INFO - Filling up the DagBag from /opt/airflow/dags/retrain_the_model_old.py
[2024-04-24T23:26:41.092+0000] {processor.py:840} INFO - DAG(s) 'retrain_the_model' retrieved from /opt/airflow/dags/retrain_the_model_old.py
[2024-04-24T23:26:41.105+0000] {logging_mixin.py:188} INFO - [2024-04-24T23:26:41.105+0000] {dag.py:3036} INFO - Sync 1 DAGs
[2024-04-24T23:26:41.117+0000] {logging_mixin.py:188} INFO - [2024-04-24T23:26:41.117+0000] {dag.py:3823} INFO - Setting next_dagrun for retrain_the_model to 2024-04-23 00:00:00+00:00, run_after=2024-04-24 00:00:00+00:00
[2024-04-24T23:26:41.127+0000] {processor.py:183} INFO - Processing /opt/airflow/dags/retrain_the_model_old.py took 0.048 seconds
[2024-04-24T23:27:11.253+0000] {processor.py:161} INFO - Started process (PID=4421) to work on /opt/airflow/dags/retrain_the_model_old.py
[2024-04-24T23:27:11.253+0000] {processor.py:830} INFO - Processing file /opt/airflow/dags/retrain_the_model_old.py for tasks to queue
[2024-04-24T23:27:11.254+0000] {logging_mixin.py:188} INFO - [2024-04-24T23:27:11.254+0000] {dagbag.py:538} INFO - Filling up the DagBag from /opt/airflow/dags/retrain_the_model_old.py
[2024-04-24T23:27:11.266+0000] {processor.py:840} INFO - DAG(s) 'retrain_the_model' retrieved from /opt/airflow/dags/retrain_the_model_old.py
[2024-04-24T23:27:11.281+0000] {logging_mixin.py:188} INFO - [2024-04-24T23:27:11.281+0000] {dag.py:3036} INFO - Sync 1 DAGs
[2024-04-24T23:27:11.294+0000] {logging_mixin.py:188} INFO - [2024-04-24T23:27:11.294+0000] {dag.py:3823} INFO - Setting next_dagrun for retrain_the_model to 2024-04-23 00:00:00+00:00, run_after=2024-04-24 00:00:00+00:00
[2024-04-24T23:27:11.305+0000] {processor.py:183} INFO - Processing /opt/airflow/dags/retrain_the_model_old.py took 0.054 seconds
[2024-04-24T23:27:41.540+0000] {processor.py:161} INFO - Started process (PID=4682) to work on /opt/airflow/dags/retrain_the_model_old.py
[2024-04-24T23:27:41.540+0000] {processor.py:830} INFO - Processing file /opt/airflow/dags/retrain_the_model_old.py for tasks to queue
[2024-04-24T23:27:41.541+0000] {logging_mixin.py:188} INFO - [2024-04-24T23:27:41.541+0000] {dagbag.py:538} INFO - Filling up the DagBag from /opt/airflow/dags/retrain_the_model_old.py
[2024-04-24T23:27:41.554+0000] {processor.py:840} INFO - DAG(s) 'retrain_the_model' retrieved from /opt/airflow/dags/retrain_the_model_old.py
[2024-04-24T23:27:41.566+0000] {logging_mixin.py:188} INFO - [2024-04-24T23:27:41.565+0000] {dag.py:3036} INFO - Sync 1 DAGs
[2024-04-24T23:27:41.577+0000] {logging_mixin.py:188} INFO - [2024-04-24T23:27:41.577+0000] {dag.py:3823} INFO - Setting next_dagrun for retrain_the_model to 2024-04-23 00:00:00+00:00, run_after=2024-04-24 00:00:00+00:00
[2024-04-24T23:27:41.705+0000] {processor.py:183} INFO - Processing /opt/airflow/dags/retrain_the_model_old.py took 0.167 seconds
[2024-04-24T23:28:11.754+0000] {processor.py:161} INFO - Started process (PID=4953) to work on /opt/airflow/dags/retrain_the_model_old.py
[2024-04-24T23:28:11.755+0000] {processor.py:830} INFO - Processing file /opt/airflow/dags/retrain_the_model_old.py for tasks to queue
[2024-04-24T23:28:11.755+0000] {logging_mixin.py:188} INFO - [2024-04-24T23:28:11.755+0000] {dagbag.py:538} INFO - Filling up the DagBag from /opt/airflow/dags/retrain_the_model_old.py
[2024-04-24T23:28:11.767+0000] {processor.py:840} INFO - DAG(s) 'retrain_the_model' retrieved from /opt/airflow/dags/retrain_the_model_old.py
[2024-04-24T23:28:11.778+0000] {logging_mixin.py:188} INFO - [2024-04-24T23:28:11.778+0000] {dag.py:3036} INFO - Sync 1 DAGs
[2024-04-24T23:28:11.790+0000] {logging_mixin.py:188} INFO - [2024-04-24T23:28:11.790+0000] {dag.py:3823} INFO - Setting next_dagrun for retrain_the_model to 2024-04-23 00:00:00+00:00, run_after=2024-04-24 00:00:00+00:00
[2024-04-24T23:28:11.800+0000] {processor.py:183} INFO - Processing /opt/airflow/dags/retrain_the_model_old.py took 0.048 seconds
[2024-04-24T23:28:41.923+0000] {processor.py:161} INFO - Started process (PID=5212) to work on /opt/airflow/dags/retrain_the_model_old.py
[2024-04-24T23:28:41.924+0000] {processor.py:830} INFO - Processing file /opt/airflow/dags/retrain_the_model_old.py for tasks to queue
[2024-04-24T23:28:41.924+0000] {logging_mixin.py:188} INFO - [2024-04-24T23:28:41.924+0000] {dagbag.py:538} INFO - Filling up the DagBag from /opt/airflow/dags/retrain_the_model_old.py
[2024-04-24T23:28:41.937+0000] {processor.py:840} INFO - DAG(s) 'retrain_the_model' retrieved from /opt/airflow/dags/retrain_the_model_old.py
[2024-04-24T23:28:41.950+0000] {logging_mixin.py:188} INFO - [2024-04-24T23:28:41.950+0000] {dag.py:3036} INFO - Sync 1 DAGs
[2024-04-24T23:28:41.964+0000] {logging_mixin.py:188} INFO - [2024-04-24T23:28:41.964+0000] {dag.py:3823} INFO - Setting next_dagrun for retrain_the_model to 2024-04-23 00:00:00+00:00, run_after=2024-04-24 00:00:00+00:00
[2024-04-24T23:28:41.975+0000] {processor.py:183} INFO - Processing /opt/airflow/dags/retrain_the_model_old.py took 0.054 seconds
[2024-04-24T23:29:12.351+0000] {processor.py:161} INFO - Started process (PID=5473) to work on /opt/airflow/dags/retrain_the_model_old.py
[2024-04-24T23:29:12.351+0000] {processor.py:830} INFO - Processing file /opt/airflow/dags/retrain_the_model_old.py for tasks to queue
[2024-04-24T23:29:12.352+0000] {logging_mixin.py:188} INFO - [2024-04-24T23:29:12.352+0000] {dagbag.py:538} INFO - Filling up the DagBag from /opt/airflow/dags/retrain_the_model_old.py
[2024-04-24T23:29:12.362+0000] {processor.py:840} INFO - DAG(s) 'retrain_the_model' retrieved from /opt/airflow/dags/retrain_the_model_old.py
[2024-04-24T23:29:12.378+0000] {logging_mixin.py:188} INFO - [2024-04-24T23:29:12.378+0000] {dag.py:3036} INFO - Sync 1 DAGs
[2024-04-24T23:29:12.501+0000] {logging_mixin.py:188} INFO - [2024-04-24T23:29:12.501+0000] {dag.py:3823} INFO - Setting next_dagrun for retrain_the_model to 2024-04-23 00:00:00+00:00, run_after=2024-04-24 00:00:00+00:00
[2024-04-24T23:29:12.511+0000] {processor.py:183} INFO - Processing /opt/airflow/dags/retrain_the_model_old.py took 0.162 seconds
[2024-04-24T23:29:43.468+0000] {processor.py:161} INFO - Started process (PID=5742) to work on /opt/airflow/dags/retrain_the_model_old.py
[2024-04-24T23:29:43.468+0000] {processor.py:830} INFO - Processing file /opt/airflow/dags/retrain_the_model_old.py for tasks to queue
[2024-04-24T23:29:43.469+0000] {logging_mixin.py:188} INFO - [2024-04-24T23:29:43.469+0000] {dagbag.py:538} INFO - Filling up the DagBag from /opt/airflow/dags/retrain_the_model_old.py
[2024-04-24T23:29:43.481+0000] {processor.py:840} INFO - DAG(s) 'retrain_the_model' retrieved from /opt/airflow/dags/retrain_the_model_old.py
[2024-04-24T23:29:43.493+0000] {logging_mixin.py:188} INFO - [2024-04-24T23:29:43.493+0000] {dag.py:3036} INFO - Sync 1 DAGs
[2024-04-24T23:29:43.505+0000] {logging_mixin.py:188} INFO - [2024-04-24T23:29:43.505+0000] {dag.py:3823} INFO - Setting next_dagrun for retrain_the_model to 2024-04-23 00:00:00+00:00, run_after=2024-04-24 00:00:00+00:00
[2024-04-24T23:29:43.516+0000] {processor.py:183} INFO - Processing /opt/airflow/dags/retrain_the_model_old.py took 0.050 seconds
[2024-04-24T23:30:14.338+0000] {processor.py:161} INFO - Started process (PID=6003) to work on /opt/airflow/dags/retrain_the_model_old.py
[2024-04-24T23:30:14.339+0000] {processor.py:830} INFO - Processing file /opt/airflow/dags/retrain_the_model_old.py for tasks to queue
[2024-04-24T23:30:14.339+0000] {logging_mixin.py:188} INFO - [2024-04-24T23:30:14.339+0000] {dagbag.py:538} INFO - Filling up the DagBag from /opt/airflow/dags/retrain_the_model_old.py
[2024-04-24T23:30:14.350+0000] {processor.py:840} INFO - DAG(s) 'retrain_the_model' retrieved from /opt/airflow/dags/retrain_the_model_old.py
[2024-04-24T23:30:14.362+0000] {logging_mixin.py:188} INFO - [2024-04-24T23:30:14.362+0000] {dag.py:3036} INFO - Sync 1 DAGs
[2024-04-24T23:30:14.377+0000] {logging_mixin.py:188} INFO - [2024-04-24T23:30:14.377+0000] {dag.py:3823} INFO - Setting next_dagrun for retrain_the_model to 2024-04-23 00:00:00+00:00, run_after=2024-04-24 00:00:00+00:00
[2024-04-24T23:30:14.387+0000] {processor.py:183} INFO - Processing /opt/airflow/dags/retrain_the_model_old.py took 0.051 seconds
[2024-04-24T23:30:45.166+0000] {processor.py:161} INFO - Started process (PID=6272) to work on /opt/airflow/dags/retrain_the_model_old.py
[2024-04-24T23:30:45.167+0000] {processor.py:830} INFO - Processing file /opt/airflow/dags/retrain_the_model_old.py for tasks to queue
[2024-04-24T23:30:45.168+0000] {logging_mixin.py:188} INFO - [2024-04-24T23:30:45.167+0000] {dagbag.py:538} INFO - Filling up the DagBag from /opt/airflow/dags/retrain_the_model_old.py
[2024-04-24T23:30:45.179+0000] {processor.py:840} INFO - DAG(s) 'retrain_the_model' retrieved from /opt/airflow/dags/retrain_the_model_old.py
[2024-04-24T23:30:45.192+0000] {logging_mixin.py:188} INFO - [2024-04-24T23:30:45.192+0000] {dag.py:3036} INFO - Sync 1 DAGs
[2024-04-24T23:30:45.204+0000] {logging_mixin.py:188} INFO - [2024-04-24T23:30:45.204+0000] {dag.py:3823} INFO - Setting next_dagrun for retrain_the_model to 2024-04-23 00:00:00+00:00, run_after=2024-04-24 00:00:00+00:00
[2024-04-24T23:30:45.215+0000] {processor.py:183} INFO - Processing /opt/airflow/dags/retrain_the_model_old.py took 0.050 seconds
[2024-04-24T23:31:15.255+0000] {processor.py:161} INFO - Started process (PID=6533) to work on /opt/airflow/dags/retrain_the_model_old.py
[2024-04-24T23:31:15.256+0000] {processor.py:830} INFO - Processing file /opt/airflow/dags/retrain_the_model_old.py for tasks to queue
[2024-04-24T23:31:15.256+0000] {logging_mixin.py:188} INFO - [2024-04-24T23:31:15.256+0000] {dagbag.py:538} INFO - Filling up the DagBag from /opt/airflow/dags/retrain_the_model_old.py
[2024-04-24T23:31:15.267+0000] {processor.py:840} INFO - DAG(s) 'retrain_the_model' retrieved from /opt/airflow/dags/retrain_the_model_old.py
[2024-04-24T23:31:15.280+0000] {logging_mixin.py:188} INFO - [2024-04-24T23:31:15.279+0000] {dag.py:3036} INFO - Sync 1 DAGs
[2024-04-24T23:31:15.292+0000] {logging_mixin.py:188} INFO - [2024-04-24T23:31:15.292+0000] {dag.py:3823} INFO - Setting next_dagrun for retrain_the_model to 2024-04-23 00:00:00+00:00, run_after=2024-04-24 00:00:00+00:00
[2024-04-24T23:31:15.304+0000] {processor.py:183} INFO - Processing /opt/airflow/dags/retrain_the_model_old.py took 0.051 seconds
[2024-04-24T23:31:45.372+0000] {processor.py:161} INFO - Started process (PID=6802) to work on /opt/airflow/dags/retrain_the_model_old.py
[2024-04-24T23:31:45.373+0000] {processor.py:830} INFO - Processing file /opt/airflow/dags/retrain_the_model_old.py for tasks to queue
[2024-04-24T23:31:45.373+0000] {logging_mixin.py:188} INFO - [2024-04-24T23:31:45.373+0000] {dagbag.py:538} INFO - Filling up the DagBag from /opt/airflow/dags/retrain_the_model_old.py
[2024-04-24T23:31:45.384+0000] {processor.py:840} INFO - DAG(s) 'retrain_the_model' retrieved from /opt/airflow/dags/retrain_the_model_old.py
[2024-04-24T23:31:45.399+0000] {logging_mixin.py:188} INFO - [2024-04-24T23:31:45.399+0000] {dag.py:3036} INFO - Sync 1 DAGs
[2024-04-24T23:31:45.411+0000] {logging_mixin.py:188} INFO - [2024-04-24T23:31:45.411+0000] {dag.py:3823} INFO - Setting next_dagrun for retrain_the_model to 2024-04-23 00:00:00+00:00, run_after=2024-04-24 00:00:00+00:00
[2024-04-24T23:31:45.422+0000] {processor.py:183} INFO - Processing /opt/airflow/dags/retrain_the_model_old.py took 0.051 seconds
[2024-04-24T23:32:15.527+0000] {processor.py:161} INFO - Started process (PID=7063) to work on /opt/airflow/dags/retrain_the_model_old.py
[2024-04-24T23:32:15.528+0000] {processor.py:830} INFO - Processing file /opt/airflow/dags/retrain_the_model_old.py for tasks to queue
[2024-04-24T23:32:15.529+0000] {logging_mixin.py:188} INFO - [2024-04-24T23:32:15.528+0000] {dagbag.py:538} INFO - Filling up the DagBag from /opt/airflow/dags/retrain_the_model_old.py
[2024-04-24T23:32:15.541+0000] {processor.py:840} INFO - DAG(s) 'retrain_the_model' retrieved from /opt/airflow/dags/retrain_the_model_old.py
[2024-04-24T23:32:15.554+0000] {logging_mixin.py:188} INFO - [2024-04-24T23:32:15.554+0000] {dag.py:3036} INFO - Sync 1 DAGs
[2024-04-24T23:32:15.566+0000] {logging_mixin.py:188} INFO - [2024-04-24T23:32:15.566+0000] {dag.py:3823} INFO - Setting next_dagrun for retrain_the_model to 2024-04-23 00:00:00+00:00, run_after=2024-04-24 00:00:00+00:00
[2024-04-24T23:32:15.578+0000] {processor.py:183} INFO - Processing /opt/airflow/dags/retrain_the_model_old.py took 0.053 seconds
[2024-04-24T23:32:45.624+0000] {processor.py:161} INFO - Started process (PID=7332) to work on /opt/airflow/dags/retrain_the_model_old.py
[2024-04-24T23:32:45.624+0000] {processor.py:830} INFO - Processing file /opt/airflow/dags/retrain_the_model_old.py for tasks to queue
[2024-04-24T23:32:45.625+0000] {logging_mixin.py:188} INFO - [2024-04-24T23:32:45.625+0000] {dagbag.py:538} INFO - Filling up the DagBag from /opt/airflow/dags/retrain_the_model_old.py
[2024-04-24T23:32:45.636+0000] {processor.py:840} INFO - DAG(s) 'retrain_the_model' retrieved from /opt/airflow/dags/retrain_the_model_old.py
[2024-04-24T23:32:45.650+0000] {logging_mixin.py:188} INFO - [2024-04-24T23:32:45.650+0000] {dag.py:3036} INFO - Sync 1 DAGs
[2024-04-24T23:32:45.664+0000] {logging_mixin.py:188} INFO - [2024-04-24T23:32:45.664+0000] {dag.py:3823} INFO - Setting next_dagrun for retrain_the_model to 2024-04-23 00:00:00+00:00, run_after=2024-04-24 00:00:00+00:00
[2024-04-24T23:32:45.676+0000] {processor.py:183} INFO - Processing /opt/airflow/dags/retrain_the_model_old.py took 0.054 seconds
[2024-04-24T23:33:15.700+0000] {processor.py:161} INFO - Started process (PID=7593) to work on /opt/airflow/dags/retrain_the_model_old.py
[2024-04-24T23:33:15.701+0000] {processor.py:830} INFO - Processing file /opt/airflow/dags/retrain_the_model_old.py for tasks to queue
[2024-04-24T23:33:15.701+0000] {logging_mixin.py:188} INFO - [2024-04-24T23:33:15.701+0000] {dagbag.py:538} INFO - Filling up the DagBag from /opt/airflow/dags/retrain_the_model_old.py
[2024-04-24T23:33:15.712+0000] {processor.py:840} INFO - DAG(s) 'retrain_the_model' retrieved from /opt/airflow/dags/retrain_the_model_old.py
[2024-04-24T23:33:15.724+0000] {logging_mixin.py:188} INFO - [2024-04-24T23:33:15.724+0000] {dag.py:3036} INFO - Sync 1 DAGs
[2024-04-24T23:33:15.735+0000] {logging_mixin.py:188} INFO - [2024-04-24T23:33:15.735+0000] {dag.py:3823} INFO - Setting next_dagrun for retrain_the_model to 2024-04-23 00:00:00+00:00, run_after=2024-04-24 00:00:00+00:00
[2024-04-24T23:33:15.746+0000] {processor.py:183} INFO - Processing /opt/airflow/dags/retrain_the_model_old.py took 0.047 seconds
[2024-04-24T23:33:45.780+0000] {processor.py:161} INFO - Started process (PID=7862) to work on /opt/airflow/dags/retrain_the_model_old.py
[2024-04-24T23:33:45.781+0000] {processor.py:830} INFO - Processing file /opt/airflow/dags/retrain_the_model_old.py for tasks to queue
[2024-04-24T23:33:45.782+0000] {logging_mixin.py:188} INFO - [2024-04-24T23:33:45.781+0000] {dagbag.py:538} INFO - Filling up the DagBag from /opt/airflow/dags/retrain_the_model_old.py
[2024-04-24T23:33:45.792+0000] {processor.py:840} INFO - DAG(s) 'retrain_the_model' retrieved from /opt/airflow/dags/retrain_the_model_old.py
[2024-04-24T23:33:45.803+0000] {logging_mixin.py:188} INFO - [2024-04-24T23:33:45.803+0000] {dag.py:3036} INFO - Sync 1 DAGs
[2024-04-24T23:33:45.815+0000] {logging_mixin.py:188} INFO - [2024-04-24T23:33:45.815+0000] {dag.py:3823} INFO - Setting next_dagrun for retrain_the_model to 2024-04-23 00:00:00+00:00, run_after=2024-04-24 00:00:00+00:00
[2024-04-24T23:33:45.825+0000] {processor.py:183} INFO - Processing /opt/airflow/dags/retrain_the_model_old.py took 0.046 seconds
[2024-04-24T23:34:15.977+0000] {processor.py:161} INFO - Started process (PID=8123) to work on /opt/airflow/dags/retrain_the_model_old.py
[2024-04-24T23:34:15.978+0000] {processor.py:830} INFO - Processing file /opt/airflow/dags/retrain_the_model_old.py for tasks to queue
[2024-04-24T23:34:15.978+0000] {logging_mixin.py:188} INFO - [2024-04-24T23:34:15.978+0000] {dagbag.py:538} INFO - Filling up the DagBag from /opt/airflow/dags/retrain_the_model_old.py
[2024-04-24T23:34:15.991+0000] {processor.py:840} INFO - DAG(s) 'retrain_the_model' retrieved from /opt/airflow/dags/retrain_the_model_old.py
[2024-04-24T23:34:16.004+0000] {logging_mixin.py:188} INFO - [2024-04-24T23:34:16.004+0000] {dag.py:3036} INFO - Sync 1 DAGs
[2024-04-24T23:34:16.016+0000] {logging_mixin.py:188} INFO - [2024-04-24T23:34:16.016+0000] {dag.py:3823} INFO - Setting next_dagrun for retrain_the_model to 2024-04-23 00:00:00+00:00, run_after=2024-04-24 00:00:00+00:00
[2024-04-24T23:34:16.027+0000] {processor.py:183} INFO - Processing /opt/airflow/dags/retrain_the_model_old.py took 0.051 seconds
[2024-04-24T23:34:46.847+0000] {processor.py:161} INFO - Started process (PID=8392) to work on /opt/airflow/dags/retrain_the_model_old.py
[2024-04-24T23:34:46.847+0000] {processor.py:830} INFO - Processing file /opt/airflow/dags/retrain_the_model_old.py for tasks to queue
[2024-04-24T23:34:46.848+0000] {logging_mixin.py:188} INFO - [2024-04-24T23:34:46.848+0000] {dagbag.py:538} INFO - Filling up the DagBag from /opt/airflow/dags/retrain_the_model_old.py
[2024-04-24T23:34:46.859+0000] {processor.py:840} INFO - DAG(s) 'retrain_the_model' retrieved from /opt/airflow/dags/retrain_the_model_old.py
[2024-04-24T23:34:46.872+0000] {logging_mixin.py:188} INFO - [2024-04-24T23:34:46.872+0000] {dag.py:3036} INFO - Sync 1 DAGs
[2024-04-24T23:34:46.886+0000] {logging_mixin.py:188} INFO - [2024-04-24T23:34:46.886+0000] {dag.py:3823} INFO - Setting next_dagrun for retrain_the_model to 2024-04-23 00:00:00+00:00, run_after=2024-04-24 00:00:00+00:00
[2024-04-24T23:34:46.899+0000] {processor.py:183} INFO - Processing /opt/airflow/dags/retrain_the_model_old.py took 0.054 seconds
[2024-04-24T23:35:17.565+0000] {processor.py:161} INFO - Started process (PID=8653) to work on /opt/airflow/dags/retrain_the_model_old.py
[2024-04-24T23:35:17.566+0000] {processor.py:830} INFO - Processing file /opt/airflow/dags/retrain_the_model_old.py for tasks to queue
[2024-04-24T23:35:17.566+0000] {logging_mixin.py:188} INFO - [2024-04-24T23:35:17.566+0000] {dagbag.py:538} INFO - Filling up the DagBag from /opt/airflow/dags/retrain_the_model_old.py
[2024-04-24T23:35:17.577+0000] {processor.py:840} INFO - DAG(s) 'retrain_the_model' retrieved from /opt/airflow/dags/retrain_the_model_old.py
[2024-04-24T23:35:17.589+0000] {logging_mixin.py:188} INFO - [2024-04-24T23:35:17.589+0000] {dag.py:3036} INFO - Sync 1 DAGs
[2024-04-24T23:35:17.602+0000] {logging_mixin.py:188} INFO - [2024-04-24T23:35:17.602+0000] {dag.py:3823} INFO - Setting next_dagrun for retrain_the_model to 2024-04-23 00:00:00+00:00, run_after=2024-04-24 00:00:00+00:00
[2024-04-24T23:35:17.614+0000] {processor.py:183} INFO - Processing /opt/airflow/dags/retrain_the_model_old.py took 0.050 seconds
[2024-04-24T23:35:48.318+0000] {processor.py:161} INFO - Started process (PID=8922) to work on /opt/airflow/dags/retrain_the_model_old.py
[2024-04-24T23:35:48.318+0000] {processor.py:830} INFO - Processing file /opt/airflow/dags/retrain_the_model_old.py for tasks to queue
[2024-04-24T23:35:48.319+0000] {logging_mixin.py:188} INFO - [2024-04-24T23:35:48.319+0000] {dagbag.py:538} INFO - Filling up the DagBag from /opt/airflow/dags/retrain_the_model_old.py
[2024-04-24T23:35:48.332+0000] {processor.py:840} INFO - DAG(s) 'retrain_the_model' retrieved from /opt/airflow/dags/retrain_the_model_old.py
[2024-04-24T23:35:48.345+0000] {logging_mixin.py:188} INFO - [2024-04-24T23:35:48.344+0000] {dag.py:3036} INFO - Sync 1 DAGs
[2024-04-24T23:35:48.357+0000] {logging_mixin.py:188} INFO - [2024-04-24T23:35:48.357+0000] {dag.py:3823} INFO - Setting next_dagrun for retrain_the_model to 2024-04-23 00:00:00+00:00, run_after=2024-04-24 00:00:00+00:00
[2024-04-24T23:35:48.370+0000] {processor.py:183} INFO - Processing /opt/airflow/dags/retrain_the_model_old.py took 0.054 seconds
[2024-04-24T23:36:19.060+0000] {processor.py:161} INFO - Started process (PID=9183) to work on /opt/airflow/dags/retrain_the_model_old.py
[2024-04-24T23:36:19.060+0000] {processor.py:830} INFO - Processing file /opt/airflow/dags/retrain_the_model_old.py for tasks to queue
[2024-04-24T23:36:19.061+0000] {logging_mixin.py:188} INFO - [2024-04-24T23:36:19.061+0000] {dagbag.py:538} INFO - Filling up the DagBag from /opt/airflow/dags/retrain_the_model_old.py
[2024-04-24T23:36:19.073+0000] {processor.py:840} INFO - DAG(s) 'retrain_the_model' retrieved from /opt/airflow/dags/retrain_the_model_old.py
[2024-04-24T23:36:19.088+0000] {logging_mixin.py:188} INFO - [2024-04-24T23:36:19.087+0000] {dag.py:3036} INFO - Sync 1 DAGs
[2024-04-24T23:36:19.101+0000] {logging_mixin.py:188} INFO - [2024-04-24T23:36:19.101+0000] {dag.py:3823} INFO - Setting next_dagrun for retrain_the_model to 2024-04-23 00:00:00+00:00, run_after=2024-04-24 00:00:00+00:00
[2024-04-24T23:36:19.113+0000] {processor.py:183} INFO - Processing /opt/airflow/dags/retrain_the_model_old.py took 0.055 seconds
[2024-04-24T23:36:49.718+0000] {processor.py:161} INFO - Started process (PID=9452) to work on /opt/airflow/dags/retrain_the_model_old.py
[2024-04-24T23:36:49.718+0000] {processor.py:830} INFO - Processing file /opt/airflow/dags/retrain_the_model_old.py for tasks to queue
[2024-04-24T23:36:49.719+0000] {logging_mixin.py:188} INFO - [2024-04-24T23:36:49.718+0000] {dagbag.py:538} INFO - Filling up the DagBag from /opt/airflow/dags/retrain_the_model_old.py
[2024-04-24T23:36:49.730+0000] {processor.py:840} INFO - DAG(s) 'retrain_the_model' retrieved from /opt/airflow/dags/retrain_the_model_old.py
[2024-04-24T23:36:49.742+0000] {logging_mixin.py:188} INFO - [2024-04-24T23:36:49.742+0000] {dag.py:3036} INFO - Sync 1 DAGs
[2024-04-24T23:36:49.754+0000] {logging_mixin.py:188} INFO - [2024-04-24T23:36:49.754+0000] {dag.py:3823} INFO - Setting next_dagrun for retrain_the_model to 2024-04-23 00:00:00+00:00, run_after=2024-04-24 00:00:00+00:00
[2024-04-24T23:36:49.765+0000] {processor.py:183} INFO - Processing /opt/airflow/dags/retrain_the_model_old.py took 0.050 seconds
[2024-04-24T23:37:20.492+0000] {processor.py:161} INFO - Started process (PID=9713) to work on /opt/airflow/dags/retrain_the_model_old.py
[2024-04-24T23:37:20.493+0000] {processor.py:830} INFO - Processing file /opt/airflow/dags/retrain_the_model_old.py for tasks to queue
[2024-04-24T23:37:20.493+0000] {logging_mixin.py:188} INFO - [2024-04-24T23:37:20.493+0000] {dagbag.py:538} INFO - Filling up the DagBag from /opt/airflow/dags/retrain_the_model_old.py
[2024-04-24T23:37:20.504+0000] {processor.py:840} INFO - DAG(s) 'retrain_the_model' retrieved from /opt/airflow/dags/retrain_the_model_old.py
[2024-04-24T23:37:20.520+0000] {logging_mixin.py:188} INFO - [2024-04-24T23:37:20.520+0000] {dag.py:3036} INFO - Sync 1 DAGs
[2024-04-24T23:37:20.533+0000] {logging_mixin.py:188} INFO - [2024-04-24T23:37:20.533+0000] {dag.py:3823} INFO - Setting next_dagrun for retrain_the_model to 2024-04-23 00:00:00+00:00, run_after=2024-04-24 00:00:00+00:00
[2024-04-24T23:37:20.543+0000] {processor.py:183} INFO - Processing /opt/airflow/dags/retrain_the_model_old.py took 0.053 seconds
[2024-04-24T23:37:51.185+0000] {processor.py:161} INFO - Started process (PID=9982) to work on /opt/airflow/dags/retrain_the_model_old.py
[2024-04-24T23:37:51.186+0000] {processor.py:830} INFO - Processing file /opt/airflow/dags/retrain_the_model_old.py for tasks to queue
[2024-04-24T23:37:51.186+0000] {logging_mixin.py:188} INFO - [2024-04-24T23:37:51.186+0000] {dagbag.py:538} INFO - Filling up the DagBag from /opt/airflow/dags/retrain_the_model_old.py
[2024-04-24T23:37:51.198+0000] {processor.py:840} INFO - DAG(s) 'retrain_the_model' retrieved from /opt/airflow/dags/retrain_the_model_old.py
[2024-04-24T23:37:51.211+0000] {logging_mixin.py:188} INFO - [2024-04-24T23:37:51.211+0000] {dag.py:3036} INFO - Sync 1 DAGs
[2024-04-24T23:37:51.224+0000] {logging_mixin.py:188} INFO - [2024-04-24T23:37:51.224+0000] {dag.py:3823} INFO - Setting next_dagrun for retrain_the_model to 2024-04-23 00:00:00+00:00, run_after=2024-04-24 00:00:00+00:00
[2024-04-24T23:37:51.234+0000] {processor.py:183} INFO - Processing /opt/airflow/dags/retrain_the_model_old.py took 0.051 seconds
[2024-04-24T23:38:21.841+0000] {processor.py:161} INFO - Started process (PID=10243) to work on /opt/airflow/dags/retrain_the_model_old.py
[2024-04-24T23:38:21.842+0000] {processor.py:830} INFO - Processing file /opt/airflow/dags/retrain_the_model_old.py for tasks to queue
[2024-04-24T23:38:21.842+0000] {logging_mixin.py:188} INFO - [2024-04-24T23:38:21.842+0000] {dagbag.py:538} INFO - Filling up the DagBag from /opt/airflow/dags/retrain_the_model_old.py
[2024-04-24T23:38:21.853+0000] {processor.py:840} INFO - DAG(s) 'retrain_the_model' retrieved from /opt/airflow/dags/retrain_the_model_old.py
[2024-04-24T23:38:21.866+0000] {logging_mixin.py:188} INFO - [2024-04-24T23:38:21.866+0000] {dag.py:3036} INFO - Sync 1 DAGs
[2024-04-24T23:38:21.879+0000] {logging_mixin.py:188} INFO - [2024-04-24T23:38:21.879+0000] {dag.py:3823} INFO - Setting next_dagrun for retrain_the_model to 2024-04-23 00:00:00+00:00, run_after=2024-04-24 00:00:00+00:00
[2024-04-24T23:38:21.890+0000] {processor.py:183} INFO - Processing /opt/airflow/dags/retrain_the_model_old.py took 0.051 seconds
[2024-04-24T23:38:52.588+0000] {processor.py:161} INFO - Started process (PID=10512) to work on /opt/airflow/dags/retrain_the_model_old.py
[2024-04-24T23:38:52.588+0000] {processor.py:830} INFO - Processing file /opt/airflow/dags/retrain_the_model_old.py for tasks to queue
[2024-04-24T23:38:52.589+0000] {logging_mixin.py:188} INFO - [2024-04-24T23:38:52.589+0000] {dagbag.py:538} INFO - Filling up the DagBag from /opt/airflow/dags/retrain_the_model_old.py
[2024-04-24T23:38:52.600+0000] {processor.py:840} INFO - DAG(s) 'retrain_the_model' retrieved from /opt/airflow/dags/retrain_the_model_old.py
[2024-04-24T23:38:52.612+0000] {logging_mixin.py:188} INFO - [2024-04-24T23:38:52.612+0000] {dag.py:3036} INFO - Sync 1 DAGs
[2024-04-24T23:38:52.626+0000] {logging_mixin.py:188} INFO - [2024-04-24T23:38:52.625+0000] {dag.py:3823} INFO - Setting next_dagrun for retrain_the_model to 2024-04-23 00:00:00+00:00, run_after=2024-04-24 00:00:00+00:00
[2024-04-24T23:38:52.636+0000] {processor.py:183} INFO - Processing /opt/airflow/dags/retrain_the_model_old.py took 0.050 seconds
[2024-04-24T23:39:23.319+0000] {processor.py:161} INFO - Started process (PID=10773) to work on /opt/airflow/dags/retrain_the_model_old.py
[2024-04-24T23:39:23.319+0000] {processor.py:830} INFO - Processing file /opt/airflow/dags/retrain_the_model_old.py for tasks to queue
[2024-04-24T23:39:23.320+0000] {logging_mixin.py:188} INFO - [2024-04-24T23:39:23.319+0000] {dagbag.py:538} INFO - Filling up the DagBag from /opt/airflow/dags/retrain_the_model_old.py
[2024-04-24T23:39:23.331+0000] {processor.py:840} INFO - DAG(s) 'retrain_the_model' retrieved from /opt/airflow/dags/retrain_the_model_old.py
[2024-04-24T23:39:23.343+0000] {logging_mixin.py:188} INFO - [2024-04-24T23:39:23.343+0000] {dag.py:3036} INFO - Sync 1 DAGs
[2024-04-24T23:39:23.355+0000] {logging_mixin.py:188} INFO - [2024-04-24T23:39:23.355+0000] {dag.py:3823} INFO - Setting next_dagrun for retrain_the_model to 2024-04-23 00:00:00+00:00, run_after=2024-04-24 00:00:00+00:00
[2024-04-24T23:39:23.367+0000] {processor.py:183} INFO - Processing /opt/airflow/dags/retrain_the_model_old.py took 0.050 seconds
[2024-04-24T23:39:54.015+0000] {processor.py:161} INFO - Started process (PID=11042) to work on /opt/airflow/dags/retrain_the_model_old.py
[2024-04-24T23:39:54.016+0000] {processor.py:830} INFO - Processing file /opt/airflow/dags/retrain_the_model_old.py for tasks to queue
[2024-04-24T23:39:54.016+0000] {logging_mixin.py:188} INFO - [2024-04-24T23:39:54.016+0000] {dagbag.py:538} INFO - Filling up the DagBag from /opt/airflow/dags/retrain_the_model_old.py
[2024-04-24T23:39:54.029+0000] {processor.py:840} INFO - DAG(s) 'retrain_the_model' retrieved from /opt/airflow/dags/retrain_the_model_old.py
[2024-04-24T23:39:54.042+0000] {logging_mixin.py:188} INFO - [2024-04-24T23:39:54.042+0000] {dag.py:3036} INFO - Sync 1 DAGs
[2024-04-24T23:39:54.055+0000] {logging_mixin.py:188} INFO - [2024-04-24T23:39:54.054+0000] {dag.py:3823} INFO - Setting next_dagrun for retrain_the_model to 2024-04-23 00:00:00+00:00, run_after=2024-04-24 00:00:00+00:00
[2024-04-24T23:39:54.065+0000] {processor.py:183} INFO - Processing /opt/airflow/dags/retrain_the_model_old.py took 0.051 seconds
[2024-04-24T23:40:24.715+0000] {processor.py:161} INFO - Started process (PID=11303) to work on /opt/airflow/dags/retrain_the_model_old.py
[2024-04-24T23:40:24.716+0000] {processor.py:830} INFO - Processing file /opt/airflow/dags/retrain_the_model_old.py for tasks to queue
[2024-04-24T23:40:24.717+0000] {logging_mixin.py:188} INFO - [2024-04-24T23:40:24.717+0000] {dagbag.py:538} INFO - Filling up the DagBag from /opt/airflow/dags/retrain_the_model_old.py
[2024-04-24T23:40:24.732+0000] {processor.py:840} INFO - DAG(s) 'retrain_the_model' retrieved from /opt/airflow/dags/retrain_the_model_old.py
[2024-04-24T23:40:24.748+0000] {logging_mixin.py:188} INFO - [2024-04-24T23:40:24.748+0000] {dag.py:3036} INFO - Sync 1 DAGs
[2024-04-24T23:40:24.762+0000] {logging_mixin.py:188} INFO - [2024-04-24T23:40:24.762+0000] {dag.py:3823} INFO - Setting next_dagrun for retrain_the_model to 2024-04-23 00:00:00+00:00, run_after=2024-04-24 00:00:00+00:00
[2024-04-24T23:40:24.774+0000] {processor.py:183} INFO - Processing /opt/airflow/dags/retrain_the_model_old.py took 0.061 seconds
[2024-04-24T23:40:55.164+0000] {processor.py:161} INFO - Started process (PID=11572) to work on /opt/airflow/dags/retrain_the_model_old.py
[2024-04-24T23:40:55.165+0000] {processor.py:830} INFO - Processing file /opt/airflow/dags/retrain_the_model_old.py for tasks to queue
[2024-04-24T23:40:55.165+0000] {logging_mixin.py:188} INFO - [2024-04-24T23:40:55.165+0000] {dagbag.py:538} INFO - Filling up the DagBag from /opt/airflow/dags/retrain_the_model_old.py
[2024-04-24T23:40:55.176+0000] {processor.py:840} INFO - DAG(s) 'retrain_the_model' retrieved from /opt/airflow/dags/retrain_the_model_old.py
[2024-04-24T23:40:55.188+0000] {logging_mixin.py:188} INFO - [2024-04-24T23:40:55.188+0000] {dag.py:3036} INFO - Sync 1 DAGs
[2024-04-24T23:40:55.200+0000] {logging_mixin.py:188} INFO - [2024-04-24T23:40:55.200+0000] {dag.py:3823} INFO - Setting next_dagrun for retrain_the_model to 2024-04-23 00:00:00+00:00, run_after=2024-04-24 00:00:00+00:00
[2024-04-24T23:40:55.212+0000] {processor.py:183} INFO - Processing /opt/airflow/dags/retrain_the_model_old.py took 0.050 seconds
[2024-04-24T23:41:25.954+0000] {processor.py:161} INFO - Started process (PID=11833) to work on /opt/airflow/dags/retrain_the_model_old.py
[2024-04-24T23:41:25.954+0000] {processor.py:830} INFO - Processing file /opt/airflow/dags/retrain_the_model_old.py for tasks to queue
[2024-04-24T23:41:25.955+0000] {logging_mixin.py:188} INFO - [2024-04-24T23:41:25.955+0000] {dagbag.py:538} INFO - Filling up the DagBag from /opt/airflow/dags/retrain_the_model_old.py
[2024-04-24T23:41:25.968+0000] {processor.py:840} INFO - DAG(s) 'retrain_the_model' retrieved from /opt/airflow/dags/retrain_the_model_old.py
[2024-04-24T23:41:25.981+0000] {logging_mixin.py:188} INFO - [2024-04-24T23:41:25.981+0000] {dag.py:3036} INFO - Sync 1 DAGs
[2024-04-24T23:41:25.993+0000] {logging_mixin.py:188} INFO - [2024-04-24T23:41:25.993+0000] {dag.py:3823} INFO - Setting next_dagrun for retrain_the_model to 2024-04-23 00:00:00+00:00, run_after=2024-04-24 00:00:00+00:00
[2024-04-24T23:41:26.006+0000] {processor.py:183} INFO - Processing /opt/airflow/dags/retrain_the_model_old.py took 0.054 seconds
[2024-04-24T23:41:56.589+0000] {processor.py:161} INFO - Started process (PID=12102) to work on /opt/airflow/dags/retrain_the_model_old.py
[2024-04-24T23:41:56.590+0000] {processor.py:830} INFO - Processing file /opt/airflow/dags/retrain_the_model_old.py for tasks to queue
[2024-04-24T23:41:56.591+0000] {logging_mixin.py:188} INFO - [2024-04-24T23:41:56.590+0000] {dagbag.py:538} INFO - Filling up the DagBag from /opt/airflow/dags/retrain_the_model_old.py
[2024-04-24T23:41:56.602+0000] {processor.py:840} INFO - DAG(s) 'retrain_the_model' retrieved from /opt/airflow/dags/retrain_the_model_old.py
[2024-04-24T23:41:56.614+0000] {logging_mixin.py:188} INFO - [2024-04-24T23:41:56.614+0000] {dag.py:3036} INFO - Sync 1 DAGs
[2024-04-24T23:41:56.627+0000] {logging_mixin.py:188} INFO - [2024-04-24T23:41:56.627+0000] {dag.py:3823} INFO - Setting next_dagrun for retrain_the_model to 2024-04-23 00:00:00+00:00, run_after=2024-04-24 00:00:00+00:00
[2024-04-24T23:41:56.638+0000] {processor.py:183} INFO - Processing /opt/airflow/dags/retrain_the_model_old.py took 0.051 seconds
[2024-04-24T23:42:27.265+0000] {processor.py:161} INFO - Started process (PID=12363) to work on /opt/airflow/dags/retrain_the_model_old.py
[2024-04-24T23:42:27.266+0000] {processor.py:830} INFO - Processing file /opt/airflow/dags/retrain_the_model_old.py for tasks to queue
[2024-04-24T23:42:27.267+0000] {logging_mixin.py:188} INFO - [2024-04-24T23:42:27.267+0000] {dagbag.py:538} INFO - Filling up the DagBag from /opt/airflow/dags/retrain_the_model_old.py
[2024-04-24T23:42:27.281+0000] {processor.py:840} INFO - DAG(s) 'retrain_the_model' retrieved from /opt/airflow/dags/retrain_the_model_old.py
[2024-04-24T23:42:27.299+0000] {logging_mixin.py:188} INFO - [2024-04-24T23:42:27.299+0000] {dag.py:3036} INFO - Sync 1 DAGs
[2024-04-24T23:42:27.318+0000] {logging_mixin.py:188} INFO - [2024-04-24T23:42:27.318+0000] {dag.py:3823} INFO - Setting next_dagrun for retrain_the_model to 2024-04-23 00:00:00+00:00, run_after=2024-04-24 00:00:00+00:00
[2024-04-24T23:42:27.331+0000] {processor.py:183} INFO - Processing /opt/airflow/dags/retrain_the_model_old.py took 0.068 seconds
[2024-04-24T23:42:57.979+0000] {processor.py:161} INFO - Started process (PID=12632) to work on /opt/airflow/dags/retrain_the_model_old.py
[2024-04-24T23:42:57.979+0000] {processor.py:830} INFO - Processing file /opt/airflow/dags/retrain_the_model_old.py for tasks to queue
[2024-04-24T23:42:57.980+0000] {logging_mixin.py:188} INFO - [2024-04-24T23:42:57.980+0000] {dagbag.py:538} INFO - Filling up the DagBag from /opt/airflow/dags/retrain_the_model_old.py
[2024-04-24T23:42:57.992+0000] {processor.py:840} INFO - DAG(s) 'retrain_the_model' retrieved from /opt/airflow/dags/retrain_the_model_old.py
[2024-04-24T23:42:58.007+0000] {logging_mixin.py:188} INFO - [2024-04-24T23:42:58.007+0000] {dag.py:3036} INFO - Sync 1 DAGs
[2024-04-24T23:42:58.022+0000] {logging_mixin.py:188} INFO - [2024-04-24T23:42:58.021+0000] {dag.py:3823} INFO - Setting next_dagrun for retrain_the_model to 2024-04-23 00:00:00+00:00, run_after=2024-04-24 00:00:00+00:00
[2024-04-24T23:42:58.037+0000] {processor.py:183} INFO - Processing /opt/airflow/dags/retrain_the_model_old.py took 0.060 seconds
[2024-04-24T23:43:28.733+0000] {processor.py:161} INFO - Started process (PID=12893) to work on /opt/airflow/dags/retrain_the_model_old.py
[2024-04-24T23:43:28.734+0000] {processor.py:830} INFO - Processing file /opt/airflow/dags/retrain_the_model_old.py for tasks to queue
[2024-04-24T23:43:28.734+0000] {logging_mixin.py:188} INFO - [2024-04-24T23:43:28.734+0000] {dagbag.py:538} INFO - Filling up the DagBag from /opt/airflow/dags/retrain_the_model_old.py
[2024-04-24T23:43:28.747+0000] {processor.py:840} INFO - DAG(s) 'retrain_the_model' retrieved from /opt/airflow/dags/retrain_the_model_old.py
[2024-04-24T23:43:28.761+0000] {logging_mixin.py:188} INFO - [2024-04-24T23:43:28.760+0000] {dag.py:3036} INFO - Sync 1 DAGs
[2024-04-24T23:43:28.773+0000] {logging_mixin.py:188} INFO - [2024-04-24T23:43:28.773+0000] {dag.py:3823} INFO - Setting next_dagrun for retrain_the_model to 2024-04-23 00:00:00+00:00, run_after=2024-04-24 00:00:00+00:00
[2024-04-24T23:43:28.784+0000] {processor.py:183} INFO - Processing /opt/airflow/dags/retrain_the_model_old.py took 0.053 seconds
[2024-04-24T23:43:59.279+0000] {processor.py:161} INFO - Started process (PID=13509) to work on /opt/airflow/dags/retrain_the_model_old.py
[2024-04-24T23:43:59.281+0000] {processor.py:830} INFO - Processing file /opt/airflow/dags/retrain_the_model_old.py for tasks to queue
[2024-04-24T23:43:59.281+0000] {logging_mixin.py:188} INFO - [2024-04-24T23:43:59.281+0000] {dagbag.py:538} INFO - Filling up the DagBag from /opt/airflow/dags/retrain_the_model_old.py
[2024-04-24T23:43:59.299+0000] {processor.py:840} INFO - DAG(s) 'retrain_the_model' retrieved from /opt/airflow/dags/retrain_the_model_old.py
[2024-04-24T23:43:59.318+0000] {logging_mixin.py:188} INFO - [2024-04-24T23:43:59.318+0000] {dag.py:3036} INFO - Sync 1 DAGs
[2024-04-24T23:43:59.335+0000] {logging_mixin.py:188} INFO - [2024-04-24T23:43:59.335+0000] {dag.py:3823} INFO - Setting next_dagrun for retrain_the_model to 2024-04-23 00:00:00+00:00, run_after=2024-04-24 00:00:00+00:00
[2024-04-24T23:43:59.356+0000] {processor.py:183} INFO - Processing /opt/airflow/dags/retrain_the_model_old.py took 0.080 seconds
[2024-04-24T23:44:29.538+0000] {processor.py:161} INFO - Started process (PID=13817) to work on /opt/airflow/dags/retrain_the_model_old.py
[2024-04-24T23:44:29.544+0000] {processor.py:830} INFO - Processing file /opt/airflow/dags/retrain_the_model_old.py for tasks to queue
[2024-04-24T23:44:29.546+0000] {logging_mixin.py:188} INFO - [2024-04-24T23:44:29.545+0000] {dagbag.py:538} INFO - Filling up the DagBag from /opt/airflow/dags/retrain_the_model_old.py
[2024-04-24T23:44:29.567+0000] {processor.py:840} INFO - DAG(s) 'retrain_the_model' retrieved from /opt/airflow/dags/retrain_the_model_old.py
[2024-04-24T23:44:29.588+0000] {logging_mixin.py:188} INFO - [2024-04-24T23:44:29.587+0000] {dag.py:3036} INFO - Sync 1 DAGs
[2024-04-24T23:44:29.608+0000] {logging_mixin.py:188} INFO - [2024-04-24T23:44:29.607+0000] {dag.py:3823} INFO - Setting next_dagrun for retrain_the_model to 2024-04-23 00:00:00+00:00, run_after=2024-04-24 00:00:00+00:00
[2024-04-24T23:44:31.001+0000] {processor.py:183} INFO - Processing /opt/airflow/dags/retrain_the_model_old.py took 1.467 seconds
[2024-04-24T23:45:01.886+0000] {processor.py:161} INFO - Started process (PID=14196) to work on /opt/airflow/dags/retrain_the_model_old.py
[2024-04-24T23:45:01.887+0000] {processor.py:830} INFO - Processing file /opt/airflow/dags/retrain_the_model_old.py for tasks to queue
[2024-04-24T23:45:01.888+0000] {logging_mixin.py:188} INFO - [2024-04-24T23:45:01.887+0000] {dagbag.py:538} INFO - Filling up the DagBag from /opt/airflow/dags/retrain_the_model_old.py
[2024-04-24T23:45:01.903+0000] {processor.py:840} INFO - DAG(s) 'retrain_the_model' retrieved from /opt/airflow/dags/retrain_the_model_old.py
[2024-04-24T23:45:01.929+0000] {logging_mixin.py:188} INFO - [2024-04-24T23:45:01.929+0000] {dag.py:3036} INFO - Sync 1 DAGs
[2024-04-24T23:45:01.949+0000] {logging_mixin.py:188} INFO - [2024-04-24T23:45:01.949+0000] {dag.py:3823} INFO - Setting next_dagrun for retrain_the_model to 2024-04-23 00:00:00+00:00, run_after=2024-04-24 00:00:00+00:00
[2024-04-24T23:45:01.965+0000] {processor.py:183} INFO - Processing /opt/airflow/dags/retrain_the_model_old.py took 0.081 seconds
[2024-04-24T23:46:10.511+0000] {processor.py:161} INFO - Started process (PID=14458) to work on /opt/airflow/dags/retrain_the_model_old.py
[2024-04-24T23:46:10.513+0000] {processor.py:830} INFO - Processing file /opt/airflow/dags/retrain_the_model_old.py for tasks to queue
[2024-04-24T23:46:10.515+0000] {logging_mixin.py:188} INFO - [2024-04-24T23:46:10.514+0000] {dagbag.py:538} INFO - Filling up the DagBag from /opt/airflow/dags/retrain_the_model_old.py
[2024-04-24T23:46:10.541+0000] {processor.py:840} INFO - DAG(s) 'retrain_the_model' retrieved from /opt/airflow/dags/retrain_the_model_old.py
[2024-04-24T23:46:10.558+0000] {logging_mixin.py:188} INFO - [2024-04-24T23:46:10.558+0000] {dag.py:3036} INFO - Sync 1 DAGs
[2024-04-24T23:46:10.574+0000] {logging_mixin.py:188} INFO - [2024-04-24T23:46:10.573+0000] {dag.py:3823} INFO - Setting next_dagrun for retrain_the_model to 2024-04-23 00:00:00+00:00, run_after=2024-04-24 00:00:00+00:00
[2024-04-24T23:46:10.602+0000] {processor.py:183} INFO - Processing /opt/airflow/dags/retrain_the_model_old.py took 0.095 seconds
[2024-04-24T23:51:35.590+0000] {processor.py:161} INFO - Started process (PID=14709) to work on /opt/airflow/dags/retrain_the_model_old.py
[2024-04-24T23:51:35.591+0000] {processor.py:830} INFO - Processing file /opt/airflow/dags/retrain_the_model_old.py for tasks to queue
[2024-04-24T23:51:35.592+0000] {logging_mixin.py:188} INFO - [2024-04-24T23:51:35.592+0000] {dagbag.py:538} INFO - Filling up the DagBag from /opt/airflow/dags/retrain_the_model_old.py
[2024-04-24T23:51:35.608+0000] {processor.py:840} INFO - DAG(s) 'retrain_the_model' retrieved from /opt/airflow/dags/retrain_the_model_old.py
[2024-04-24T23:51:35.625+0000] {logging_mixin.py:188} INFO - [2024-04-24T23:51:35.625+0000] {dag.py:3036} INFO - Sync 1 DAGs
[2024-04-24T23:51:35.643+0000] {logging_mixin.py:188} INFO - [2024-04-24T23:51:35.643+0000] {dag.py:3823} INFO - Setting next_dagrun for retrain_the_model to 2024-04-23 00:00:00+00:00, run_after=2024-04-24 00:00:00+00:00
[2024-04-24T23:51:35.659+0000] {processor.py:183} INFO - Processing /opt/airflow/dags/retrain_the_model_old.py took 0.071 seconds
[2024-04-24T23:52:09.421+0000] {processor.py:161} INFO - Started process (PID=15041) to work on /opt/airflow/dags/retrain_the_model_old.py
[2024-04-24T23:52:09.421+0000] {processor.py:830} INFO - Processing file /opt/airflow/dags/retrain_the_model_old.py for tasks to queue
[2024-04-24T23:52:09.422+0000] {logging_mixin.py:188} INFO - [2024-04-24T23:52:09.422+0000] {dagbag.py:538} INFO - Filling up the DagBag from /opt/airflow/dags/retrain_the_model_old.py
[2024-04-24T23:52:09.438+0000] {processor.py:840} INFO - DAG(s) 'retrain_the_model' retrieved from /opt/airflow/dags/retrain_the_model_old.py
[2024-04-24T23:52:09.452+0000] {logging_mixin.py:188} INFO - [2024-04-24T23:52:09.452+0000] {dag.py:3036} INFO - Sync 1 DAGs
[2024-04-24T23:52:09.471+0000] {logging_mixin.py:188} INFO - [2024-04-24T23:52:09.471+0000] {dag.py:3823} INFO - Setting next_dagrun for retrain_the_model to 2024-04-23 00:00:00+00:00, run_after=2024-04-24 00:00:00+00:00
[2024-04-24T23:52:09.486+0000] {processor.py:183} INFO - Processing /opt/airflow/dags/retrain_the_model_old.py took 0.068 seconds
[2024-04-24T23:52:40.378+0000] {processor.py:161} INFO - Started process (PID=15302) to work on /opt/airflow/dags/retrain_the_model_old.py
[2024-04-24T23:52:40.378+0000] {processor.py:830} INFO - Processing file /opt/airflow/dags/retrain_the_model_old.py for tasks to queue
[2024-04-24T23:52:40.379+0000] {logging_mixin.py:188} INFO - [2024-04-24T23:52:40.379+0000] {dagbag.py:538} INFO - Filling up the DagBag from /opt/airflow/dags/retrain_the_model_old.py
[2024-04-24T23:52:40.392+0000] {processor.py:840} INFO - DAG(s) 'retrain_the_model' retrieved from /opt/airflow/dags/retrain_the_model_old.py
[2024-04-24T23:52:40.407+0000] {logging_mixin.py:188} INFO - [2024-04-24T23:52:40.406+0000] {dag.py:3036} INFO - Sync 1 DAGs
[2024-04-24T23:52:40.421+0000] {logging_mixin.py:188} INFO - [2024-04-24T23:52:40.421+0000] {dag.py:3823} INFO - Setting next_dagrun for retrain_the_model to 2024-04-23 00:00:00+00:00, run_after=2024-04-24 00:00:00+00:00
[2024-04-24T23:52:40.434+0000] {processor.py:183} INFO - Processing /opt/airflow/dags/retrain_the_model_old.py took 0.058 seconds
[2024-04-24T23:53:29.987+0000] {processor.py:161} INFO - Started process (PID=15531) to work on /opt/airflow/dags/retrain_the_model_old.py
[2024-04-24T23:53:29.987+0000] {processor.py:830} INFO - Processing file /opt/airflow/dags/retrain_the_model_old.py for tasks to queue
[2024-04-24T23:53:29.988+0000] {logging_mixin.py:188} INFO - [2024-04-24T23:53:29.988+0000] {dagbag.py:538} INFO - Filling up the DagBag from /opt/airflow/dags/retrain_the_model_old.py
[2024-04-24T23:53:30.005+0000] {processor.py:840} INFO - DAG(s) 'retrain_the_model' retrieved from /opt/airflow/dags/retrain_the_model_old.py
[2024-04-24T23:53:30.021+0000] {logging_mixin.py:188} INFO - [2024-04-24T23:53:30.021+0000] {dag.py:3036} INFO - Sync 1 DAGs
[2024-04-24T23:53:30.039+0000] {logging_mixin.py:188} INFO - [2024-04-24T23:53:30.039+0000] {dag.py:3823} INFO - Setting next_dagrun for retrain_the_model to 2024-04-23 00:00:00+00:00, run_after=2024-04-24 00:00:00+00:00
[2024-04-24T23:53:30.053+0000] {processor.py:183} INFO - Processing /opt/airflow/dags/retrain_the_model_old.py took 0.069 seconds
[2024-04-24T23:54:01.653+0000] {processor.py:161} INFO - Started process (PID=15798) to work on /opt/airflow/dags/retrain_the_model_old.py
[2024-04-24T23:54:01.654+0000] {processor.py:830} INFO - Processing file /opt/airflow/dags/retrain_the_model_old.py for tasks to queue
[2024-04-24T23:54:01.655+0000] {logging_mixin.py:188} INFO - [2024-04-24T23:54:01.655+0000] {dagbag.py:538} INFO - Filling up the DagBag from /opt/airflow/dags/retrain_the_model_old.py
[2024-04-24T23:54:01.670+0000] {processor.py:840} INFO - DAG(s) 'retrain_the_model' retrieved from /opt/airflow/dags/retrain_the_model_old.py
[2024-04-24T23:54:01.683+0000] {logging_mixin.py:188} INFO - [2024-04-24T23:54:01.682+0000] {dag.py:3036} INFO - Sync 1 DAGs
[2024-04-24T23:54:01.696+0000] {logging_mixin.py:188} INFO - [2024-04-24T23:54:01.696+0000] {dag.py:3823} INFO - Setting next_dagrun for retrain_the_model to 2024-04-23 00:00:00+00:00, run_after=2024-04-24 00:00:00+00:00
[2024-04-24T23:54:01.710+0000] {processor.py:183} INFO - Processing /opt/airflow/dags/retrain_the_model_old.py took 0.058 seconds
[2024-04-24T23:54:36.379+0000] {processor.py:161} INFO - Started process (PID=16051) to work on /opt/airflow/dags/retrain_the_model_old.py
[2024-04-24T23:54:36.379+0000] {processor.py:830} INFO - Processing file /opt/airflow/dags/retrain_the_model_old.py for tasks to queue
[2024-04-24T23:54:36.380+0000] {logging_mixin.py:188} INFO - [2024-04-24T23:54:36.380+0000] {dagbag.py:538} INFO - Filling up the DagBag from /opt/airflow/dags/retrain_the_model_old.py
[2024-04-24T23:54:36.395+0000] {processor.py:840} INFO - DAG(s) 'retrain_the_model' retrieved from /opt/airflow/dags/retrain_the_model_old.py
[2024-04-24T23:54:36.410+0000] {logging_mixin.py:188} INFO - [2024-04-24T23:54:36.410+0000] {dag.py:3036} INFO - Sync 1 DAGs
[2024-04-24T23:54:36.425+0000] {logging_mixin.py:188} INFO - [2024-04-24T23:54:36.425+0000] {dag.py:3823} INFO - Setting next_dagrun for retrain_the_model to 2024-04-23 00:00:00+00:00, run_after=2024-04-24 00:00:00+00:00
[2024-04-24T23:54:36.437+0000] {processor.py:183} INFO - Processing /opt/airflow/dags/retrain_the_model_old.py took 0.060 seconds
[2024-04-24T23:55:07.131+0000] {processor.py:161} INFO - Started process (PID=16320) to work on /opt/airflow/dags/retrain_the_model_old.py
[2024-04-24T23:55:07.131+0000] {processor.py:830} INFO - Processing file /opt/airflow/dags/retrain_the_model_old.py for tasks to queue
[2024-04-24T23:55:07.132+0000] {logging_mixin.py:188} INFO - [2024-04-24T23:55:07.132+0000] {dagbag.py:538} INFO - Filling up the DagBag from /opt/airflow/dags/retrain_the_model_old.py
[2024-04-24T23:55:07.146+0000] {processor.py:840} INFO - DAG(s) 'retrain_the_model' retrieved from /opt/airflow/dags/retrain_the_model_old.py
[2024-04-24T23:55:07.160+0000] {logging_mixin.py:188} INFO - [2024-04-24T23:55:07.160+0000] {dag.py:3036} INFO - Sync 1 DAGs
[2024-04-24T23:55:07.174+0000] {logging_mixin.py:188} INFO - [2024-04-24T23:55:07.174+0000] {dag.py:3823} INFO - Setting next_dagrun for retrain_the_model to 2024-04-23 00:00:00+00:00, run_after=2024-04-24 00:00:00+00:00
[2024-04-24T23:55:07.186+0000] {processor.py:183} INFO - Processing /opt/airflow/dags/retrain_the_model_old.py took 0.057 seconds
[2024-04-24T23:57:32.169+0000] {processor.py:161} INFO - Started process (PID=16404) to work on /opt/airflow/dags/retrain_the_model_old.py
[2024-04-24T23:57:32.182+0000] {processor.py:830} INFO - Processing file /opt/airflow/dags/retrain_the_model_old.py for tasks to queue
[2024-04-24T23:57:32.190+0000] {logging_mixin.py:188} INFO - [2024-04-24T23:57:32.182+0000] {dagbag.py:538} INFO - Filling up the DagBag from /opt/airflow/dags/retrain_the_model_old.py
[2024-04-24T23:57:54.070+0000] {processor.py:840} INFO - DAG(s) 'retrain_the_model' retrieved from /opt/airflow/dags/retrain_the_model_old.py
[2024-04-24T23:58:49.908+0000] {processor.py:186} ERROR - Got an exception! Propagating...
Traceback (most recent call last):
  File "/home/airflow/.local/lib/python3.8/site-packages/sqlalchemy/engine/base.py", line 3371, in _wrap_pool_connect
    return fn()
  File "/home/airflow/.local/lib/python3.8/site-packages/sqlalchemy/pool/base.py", line 327, in connect
    return _ConnectionFairy._checkout(self)
  File "/home/airflow/.local/lib/python3.8/site-packages/sqlalchemy/pool/base.py", line 894, in _checkout
    fairy = _ConnectionRecord.checkout(pool)
  File "/home/airflow/.local/lib/python3.8/site-packages/sqlalchemy/pool/base.py", line 493, in checkout
    rec = pool._do_get()
  File "/home/airflow/.local/lib/python3.8/site-packages/sqlalchemy/pool/impl.py", line 146, in _do_get
    self._dec_overflow()
  File "/home/airflow/.local/lib/python3.8/site-packages/sqlalchemy/util/langhelpers.py", line 70, in __exit__
    compat.raise_(
  File "/home/airflow/.local/lib/python3.8/site-packages/sqlalchemy/util/compat.py", line 211, in raise_
    raise exception
  File "/home/airflow/.local/lib/python3.8/site-packages/sqlalchemy/pool/impl.py", line 143, in _do_get
    return self._create_connection()
  File "/home/airflow/.local/lib/python3.8/site-packages/sqlalchemy/pool/base.py", line 273, in _create_connection
    return _ConnectionRecord(self)
  File "/home/airflow/.local/lib/python3.8/site-packages/sqlalchemy/pool/base.py", line 388, in __init__
    self.__connect()
  File "/home/airflow/.local/lib/python3.8/site-packages/sqlalchemy/pool/base.py", line 691, in __connect
    pool.logger.debug("Error on connect(): %s", e)
  File "/home/airflow/.local/lib/python3.8/site-packages/sqlalchemy/util/langhelpers.py", line 70, in __exit__
    compat.raise_(
  File "/home/airflow/.local/lib/python3.8/site-packages/sqlalchemy/util/compat.py", line 211, in raise_
    raise exception
  File "/home/airflow/.local/lib/python3.8/site-packages/sqlalchemy/pool/base.py", line 686, in __connect
    self.dbapi_connection = connection = pool._invoke_creator(self)
  File "/home/airflow/.local/lib/python3.8/site-packages/sqlalchemy/engine/create.py", line 574, in connect
    return dialect.connect(*cargs, **cparams)
  File "/home/airflow/.local/lib/python3.8/site-packages/sqlalchemy/engine/default.py", line 598, in connect
    return self.dbapi.connect(*cargs, **cparams)
  File "/home/airflow/.local/lib/python3.8/site-packages/psycopg2/__init__.py", line 122, in connect
    conn = _connect(dsn, connection_factory=connection_factory, **kwasync)
psycopg2.OperationalError: could not translate host name "postgres" to address: Temporary failure in name resolution


The above exception was the direct cause of the following exception:

Traceback (most recent call last):
  File "/home/airflow/.local/lib/python3.8/site-packages/airflow/dag_processing/processor.py", line 182, in _run_file_processor
    _handle_dag_file_processing()
  File "/home/airflow/.local/lib/python3.8/site-packages/airflow/dag_processing/processor.py", line 163, in _handle_dag_file_processing
    result: tuple[int, int] = dag_file_processor.process_file(
  File "/home/airflow/.local/lib/python3.8/site-packages/airflow/utils/session.py", line 79, in wrapper
    return func(*args, session=session, **kwargs)
  File "/home/airflow/.local/lib/python3.8/site-packages/airflow/dag_processing/processor.py", line 859, in process_file
    serialize_errors = DagFileProcessor.save_dag_to_db(
  File "/home/airflow/.local/lib/python3.8/site-packages/airflow/api_internal/internal_api_call.py", line 114, in wrapper
    return func(*args, **kwargs)
  File "/home/airflow/.local/lib/python3.8/site-packages/airflow/utils/session.py", line 79, in wrapper
    return func(*args, session=session, **kwargs)
  File "/home/airflow/.local/lib/python3.8/site-packages/airflow/dag_processing/processor.py", line 895, in save_dag_to_db
    import_errors = DagBag._sync_to_db(dags=dags, processor_subdir=dag_directory, session=session)
  File "/home/airflow/.local/lib/python3.8/site-packages/airflow/utils/session.py", line 76, in wrapper
    return func(*args, **kwargs)
  File "/home/airflow/.local/lib/python3.8/site-packages/airflow/models/dagbag.py", line 657, in _sync_to_db
    for attempt in run_with_db_retries(logger=log):
  File "/home/airflow/.local/lib/python3.8/site-packages/tenacity/__init__.py", line 347, in __iter__
    do = self.iter(retry_state=retry_state)
  File "/home/airflow/.local/lib/python3.8/site-packages/tenacity/__init__.py", line 325, in iter
    raise retry_exc.reraise()
  File "/home/airflow/.local/lib/python3.8/site-packages/tenacity/__init__.py", line 158, in reraise
    raise self.last_attempt.result()
  File "/usr/local/lib/python3.8/concurrent/futures/_base.py", line 437, in result
    return self.__get_result()
  File "/usr/local/lib/python3.8/concurrent/futures/_base.py", line 389, in __get_result
    raise self._exception
  File "/home/airflow/.local/lib/python3.8/site-packages/airflow/models/dagbag.py", line 670, in _sync_to_db
    _serialize_dag_capturing_errors(dag, session, processor_subdir)
  File "/home/airflow/.local/lib/python3.8/site-packages/airflow/models/dagbag.py", line 635, in _serialize_dag_capturing_errors
    dag_was_updated = SerializedDagModel.write_dag(
  File "/home/airflow/.local/lib/python3.8/site-packages/airflow/utils/session.py", line 76, in wrapper
    return func(*args, **kwargs)
  File "/home/airflow/.local/lib/python3.8/site-packages/airflow/models/serialized_dag.py", line 157, in write_dag
    if session.scalar(
  File "/home/airflow/.local/lib/python3.8/site-packages/sqlalchemy/orm/session.py", line 1747, in scalar
    return self.execute(
  File "/home/airflow/.local/lib/python3.8/site-packages/sqlalchemy/orm/session.py", line 1716, in execute
    conn = self._connection_for_bind(bind)
  File "/home/airflow/.local/lib/python3.8/site-packages/sqlalchemy/orm/session.py", line 1555, in _connection_for_bind
    return self._transaction._connection_for_bind(
  File "/home/airflow/.local/lib/python3.8/site-packages/sqlalchemy/orm/session.py", line 750, in _connection_for_bind
    conn = bind.connect()
  File "/home/airflow/.local/lib/python3.8/site-packages/sqlalchemy/future/engine.py", line 412, in connect
    return super(Engine, self).connect()
  File "/home/airflow/.local/lib/python3.8/site-packages/sqlalchemy/engine/base.py", line 3325, in connect
    return self._connection_cls(self, close_with_result=close_with_result)
  File "/home/airflow/.local/lib/python3.8/site-packages/sqlalchemy/engine/base.py", line 96, in __init__
    else engine.raw_connection()
  File "/home/airflow/.local/lib/python3.8/site-packages/sqlalchemy/engine/base.py", line 3404, in raw_connection
    return self._wrap_pool_connect(self.pool.connect, _connection)
  File "/home/airflow/.local/lib/python3.8/site-packages/sqlalchemy/engine/base.py", line 3374, in _wrap_pool_connect
    Connection._handle_dbapi_exception_noconnection(
  File "/home/airflow/.local/lib/python3.8/site-packages/sqlalchemy/engine/base.py", line 2208, in _handle_dbapi_exception_noconnection
    util.raise_(
  File "/home/airflow/.local/lib/python3.8/site-packages/sqlalchemy/util/compat.py", line 211, in raise_
    raise exception
  File "/home/airflow/.local/lib/python3.8/site-packages/sqlalchemy/engine/base.py", line 3371, in _wrap_pool_connect
    return fn()
  File "/home/airflow/.local/lib/python3.8/site-packages/sqlalchemy/pool/base.py", line 327, in connect
    return _ConnectionFairy._checkout(self)
  File "/home/airflow/.local/lib/python3.8/site-packages/sqlalchemy/pool/base.py", line 894, in _checkout
    fairy = _ConnectionRecord.checkout(pool)
  File "/home/airflow/.local/lib/python3.8/site-packages/sqlalchemy/pool/base.py", line 493, in checkout
    rec = pool._do_get()
  File "/home/airflow/.local/lib/python3.8/site-packages/sqlalchemy/pool/impl.py", line 146, in _do_get
    self._dec_overflow()
  File "/home/airflow/.local/lib/python3.8/site-packages/sqlalchemy/util/langhelpers.py", line 70, in __exit__
    compat.raise_(
  File "/home/airflow/.local/lib/python3.8/site-packages/sqlalchemy/util/compat.py", line 211, in raise_
    raise exception
  File "/home/airflow/.local/lib/python3.8/site-packages/sqlalchemy/pool/impl.py", line 143, in _do_get
    return self._create_connection()
  File "/home/airflow/.local/lib/python3.8/site-packages/sqlalchemy/pool/base.py", line 273, in _create_connection
    return _ConnectionRecord(self)
  File "/home/airflow/.local/lib/python3.8/site-packages/sqlalchemy/pool/base.py", line 388, in __init__
    self.__connect()
  File "/home/airflow/.local/lib/python3.8/site-packages/sqlalchemy/pool/base.py", line 691, in __connect
    pool.logger.debug("Error on connect(): %s", e)
  File "/home/airflow/.local/lib/python3.8/site-packages/sqlalchemy/util/langhelpers.py", line 70, in __exit__
    compat.raise_(
  File "/home/airflow/.local/lib/python3.8/site-packages/sqlalchemy/util/compat.py", line 211, in raise_
    raise exception
  File "/home/airflow/.local/lib/python3.8/site-packages/sqlalchemy/pool/base.py", line 686, in __connect
    self.dbapi_connection = connection = pool._invoke_creator(self)
  File "/home/airflow/.local/lib/python3.8/site-packages/sqlalchemy/engine/create.py", line 574, in connect
    return dialect.connect(*cargs, **cparams)
  File "/home/airflow/.local/lib/python3.8/site-packages/sqlalchemy/engine/default.py", line 598, in connect
    return self.dbapi.connect(*cargs, **cparams)
  File "/home/airflow/.local/lib/python3.8/site-packages/psycopg2/__init__.py", line 122, in connect
    conn = _connect(dsn, connection_factory=connection_factory, **kwasync)
sqlalchemy.exc.OperationalError: (psycopg2.OperationalError) could not translate host name "postgres" to address: Temporary failure in name resolution

(Background on this error at: https://sqlalche.me/e/14/e3q8)
